[2019-12-27T17:08:51.488] [INFO] channel - createChannel:  0  <-->  2
[2019-12-27T17:08:51.791] [INFO] channel - createChannel:  0  <-->  3
[2019-12-27T17:08:51.961] [INFO] channel - createChannel:  0  <-->  5
[2019-12-27T17:08:52.155] [INFO] channel - createChannel:  0  <-->  6
[2019-12-27T17:08:52.323] [INFO] channel - createChannel:  0  <-->  9
[2019-12-27T17:08:52.499] [INFO] channel - createChannel:  0  <-->  12
[2019-12-27T17:08:52.672] [INFO] channel - createChannel:  0  <-->  14
[2019-12-27T17:08:52.827] [INFO] channel - createChannel:  0  <-->  16
[2019-12-27T17:08:52.982] [INFO] channel - createChannel:  0  <-->  17
[2019-12-27T17:08:53.103] [INFO] channel - createChannel:  0  <-->  19
[2019-12-27T17:08:53.230] [INFO] channel - createChannel:  0  <-->  21
[2019-12-27T17:08:53.344] [INFO] channel - createChannel:  0  <-->  22
[2019-12-27T17:08:53.459] [INFO] channel - createChannel:  0  <-->  24
[2019-12-27T17:08:53.573] [INFO] channel - createChannel:  0  <-->  26
[2019-12-27T17:08:53.686] [INFO] channel - createChannel:  0  <-->  29
[2019-12-27T17:08:53.812] [INFO] channel - createChannel:  1  <-->  2
[2019-12-27T17:08:53.933] [INFO] channel - createChannel:  1  <-->  3
[2019-12-27T17:08:54.050] [INFO] channel - createChannel:  1  <-->  4
[2019-12-27T17:08:54.173] [INFO] channel - createChannel:  1  <-->  15
[2019-12-27T17:08:54.290] [INFO] channel - createChannel:  1  <-->  16
[2019-12-27T17:08:54.410] [INFO] channel - createChannel:  1  <-->  18
[2019-12-27T17:08:54.529] [INFO] channel - createChannel:  1  <-->  23
[2019-12-27T17:08:54.647] [INFO] channel - createChannel:  1  <-->  25
[2019-12-27T17:08:54.755] [INFO] channel - createChannel:  1  <-->  26
[2019-12-27T17:08:54.880] [INFO] channel - createChannel:  1  <-->  27
[2019-12-27T17:08:55.002] [INFO] channel - createChannel:  1  <-->  28
[2019-12-27T17:08:55.117] [INFO] channel - createChannel:  2  <-->  9
[2019-12-27T17:08:55.229] [INFO] channel - createChannel:  2  <-->  11
[2019-12-27T17:08:55.344] [INFO] channel - createChannel:  2  <-->  12
[2019-12-27T17:08:55.451] [INFO] channel - createChannel:  2  <-->  16
[2019-12-27T17:08:55.562] [INFO] channel - createChannel:  2  <-->  18
[2019-12-27T17:08:55.685] [INFO] channel - createChannel:  2  <-->  24
[2019-12-27T17:08:55.795] [INFO] channel - createChannel:  2  <-->  25
[2019-12-27T17:08:55.910] [INFO] channel - createChannel:  2  <-->  29
[2019-12-27T17:08:56.016] [INFO] channel - createChannel:  3  <-->  5
[2019-12-27T17:08:56.128] [INFO] channel - createChannel:  3  <-->  7
[2019-12-27T17:08:56.238] [INFO] channel - createChannel:  3  <-->  9
[2019-12-27T17:08:56.351] [INFO] channel - createChannel:  3  <-->  10
[2019-12-27T17:08:56.471] [INFO] channel - createChannel:  3  <-->  13
[2019-12-27T17:08:56.593] [INFO] channel - createChannel:  3  <-->  18
[2019-12-27T17:08:56.704] [INFO] channel - createChannel:  3  <-->  19
[2019-12-27T17:08:56.819] [INFO] channel - createChannel:  3  <-->  20
[2019-12-27T17:08:56.931] [INFO] channel - createChannel:  3  <-->  22
[2019-12-27T17:08:57.047] [INFO] channel - createChannel:  3  <-->  23
[2019-12-27T17:08:57.161] [INFO] channel - createChannel:  3  <-->  24
[2019-12-27T17:08:57.269] [INFO] channel - createChannel:  3  <-->  26
[2019-12-27T17:08:57.382] [INFO] channel - createChannel:  3  <-->  27
[2019-12-27T17:08:57.490] [INFO] channel - createChannel:  4  <-->  8
[2019-12-27T17:08:57.676] [INFO] channel - createChannel:  4  <-->  10
[2019-12-27T17:08:57.779] [INFO] channel - createChannel:  4  <-->  11
[2019-12-27T17:08:57.881] [INFO] channel - createChannel:  4  <-->  14
[2019-12-27T17:08:57.991] [INFO] channel - createChannel:  4  <-->  15
[2019-12-27T17:08:58.097] [INFO] channel - createChannel:  4  <-->  17
[2019-12-27T17:08:58.204] [INFO] channel - createChannel:  4  <-->  18
[2019-12-27T17:08:58.374] [INFO] channel - createChannel:  4  <-->  19
[2019-12-27T17:08:58.491] [INFO] channel - createChannel:  4  <-->  26
[2019-12-27T17:08:58.605] [INFO] channel - createChannel:  5  <-->  6
[2019-12-27T17:08:58.715] [INFO] channel - createChannel:  5  <-->  10
[2019-12-27T17:08:58.817] [INFO] channel - createChannel:  5  <-->  11
[2019-12-27T17:08:58.921] [INFO] channel - createChannel:  5  <-->  13
[2019-12-27T17:08:59.118] [INFO] channel - createChannel:  5  <-->  16
[2019-12-27T17:08:59.217] [INFO] channel - createChannel:  5  <-->  17
[2019-12-27T17:08:59.322] [INFO] channel - createChannel:  5  <-->  22
[2019-12-27T17:08:59.430] [INFO] channel - createChannel:  5  <-->  24
[2019-12-27T17:08:59.540] [INFO] channel - createChannel:  5  <-->  26
[2019-12-27T17:08:59.650] [INFO] channel - createChannel:  5  <-->  29
[2019-12-27T17:08:59.756] [INFO] channel - createChannel:  6  <-->  7
[2019-12-27T17:08:59.861] [INFO] channel - createChannel:  6  <-->  9
[2019-12-27T17:08:59.967] [INFO] channel - createChannel:  6  <-->  15
[2019-12-27T17:09:00.066] [INFO] channel - createChannel:  6  <-->  17
[2019-12-27T17:09:00.169] [INFO] channel - createChannel:  6  <-->  19
[2019-12-27T17:09:00.276] [INFO] channel - createChannel:  6  <-->  22
[2019-12-27T17:09:00.379] [INFO] channel - createChannel:  6  <-->  23
[2019-12-27T17:09:00.486] [INFO] channel - createChannel:  6  <-->  27
[2019-12-27T17:09:00.608] [INFO] channel - createChannel:  6  <-->  28
[2019-12-27T17:09:00.708] [INFO] channel - createChannel:  6  <-->  29
[2019-12-27T17:09:00.810] [INFO] channel - createChannel:  7  <-->  9
[2019-12-27T17:09:00.917] [INFO] channel - createChannel:  7  <-->  11
[2019-12-27T17:09:01.026] [INFO] channel - createChannel:  7  <-->  13
[2019-12-27T17:09:01.133] [INFO] channel - createChannel:  7  <-->  17
[2019-12-27T17:09:01.239] [INFO] channel - createChannel:  7  <-->  19
[2019-12-27T17:09:01.347] [INFO] channel - createChannel:  7  <-->  20
[2019-12-27T17:09:01.451] [INFO] channel - createChannel:  7  <-->  21
[2019-12-27T17:09:01.561] [INFO] channel - createChannel:  7  <-->  23
[2019-12-27T17:09:01.669] [INFO] channel - createChannel:  7  <-->  25
[2019-12-27T17:09:01.773] [INFO] channel - createChannel:  7  <-->  26
[2019-12-27T17:09:01.878] [INFO] channel - createChannel:  7  <-->  27
[2019-12-27T17:09:01.990] [INFO] channel - createChannel:  8  <-->  14
[2019-12-27T17:09:02.107] [INFO] channel - createChannel:  8  <-->  22
[2019-12-27T17:09:02.214] [INFO] channel - createChannel:  8  <-->  25
[2019-12-27T17:09:02.316] [INFO] channel - createChannel:  8  <-->  26
[2019-12-27T17:09:02.417] [INFO] channel - createChannel:  9  <-->  14
[2019-12-27T17:09:02.525] [INFO] channel - createChannel:  9  <-->  17
[2019-12-27T17:09:02.634] [INFO] channel - createChannel:  9  <-->  23
[2019-12-27T17:09:02.745] [INFO] channel - createChannel:  9  <-->  24
[2019-12-27T17:09:02.852] [INFO] channel - createChannel:  9  <-->  26
[2019-12-27T17:09:02.961] [INFO] channel - createChannel:  9  <-->  27
[2019-12-27T17:09:03.071] [INFO] channel - createChannel:  9  <-->  28
[2019-12-27T17:09:03.173] [INFO] channel - createChannel:  9  <-->  29
[2019-12-27T17:09:03.281] [INFO] channel - createChannel:  10  <-->  11
[2019-12-27T17:09:03.386] [INFO] channel - createChannel:  10  <-->  12
[2019-12-27T17:09:03.489] [INFO] channel - createChannel:  10  <-->  18
[2019-12-27T17:09:03.595] [INFO] channel - createChannel:  10  <-->  19
[2019-12-27T17:09:03.694] [INFO] channel - createChannel:  10  <-->  24
[2019-12-27T17:09:03.798] [INFO] channel - createChannel:  10  <-->  25
[2019-12-27T17:09:03.907] [INFO] channel - createChannel:  10  <-->  26
[2019-12-27T17:09:04.016] [INFO] channel - createChannel:  10  <-->  27
[2019-12-27T17:09:04.119] [INFO] channel - createChannel:  11  <-->  12
[2019-12-27T17:09:04.225] [INFO] channel - createChannel:  11  <-->  15
[2019-12-27T17:09:04.329] [INFO] channel - createChannel:  11  <-->  18
[2019-12-27T17:09:04.436] [INFO] channel - createChannel:  11  <-->  21
[2019-12-27T17:09:04.538] [INFO] channel - createChannel:  11  <-->  26
[2019-12-27T17:09:04.638] [INFO] channel - createChannel:  11  <-->  27
[2019-12-27T17:09:04.738] [INFO] channel - createChannel:  11  <-->  29
[2019-12-27T17:09:04.843] [INFO] channel - createChannel:  12  <-->  13
[2019-12-27T17:09:04.947] [INFO] channel - createChannel:  12  <-->  14
[2019-12-27T17:09:05.058] [INFO] channel - createChannel:  12  <-->  18
[2019-12-27T17:09:05.166] [INFO] channel - createChannel:  12  <-->  26
[2019-12-27T17:09:05.275] [INFO] channel - createChannel:  12  <-->  27
[2019-12-27T17:09:05.382] [INFO] channel - createChannel:  12  <-->  29
[2019-12-27T17:09:05.486] [INFO] channel - createChannel:  13  <-->  17
[2019-12-27T17:09:05.594] [INFO] channel - createChannel:  13  <-->  22
[2019-12-27T17:09:05.703] [INFO] channel - createChannel:  13  <-->  24
[2019-12-27T17:09:05.805] [INFO] channel - createChannel:  13  <-->  25
[2019-12-27T17:09:05.907] [INFO] channel - createChannel:  13  <-->  28
[2019-12-27T17:09:06.012] [INFO] channel - createChannel:  14  <-->  16
[2019-12-27T17:09:06.116] [INFO] channel - createChannel:  14  <-->  17
[2019-12-27T17:09:06.221] [INFO] channel - createChannel:  14  <-->  19
[2019-12-27T17:09:06.328] [INFO] channel - createChannel:  14  <-->  20
[2019-12-27T17:09:06.435] [INFO] channel - createChannel:  14  <-->  21
[2019-12-27T17:09:06.536] [INFO] channel - createChannel:  14  <-->  28
[2019-12-27T17:09:06.638] [INFO] channel - createChannel:  15  <-->  17
[2019-12-27T17:09:06.738] [INFO] channel - createChannel:  15  <-->  22
[2019-12-27T17:09:06.842] [INFO] channel - createChannel:  15  <-->  27
[2019-12-27T17:09:06.949] [INFO] channel - createChannel:  16  <-->  17
[2019-12-27T17:09:07.052] [INFO] channel - createChannel:  16  <-->  18
[2019-12-27T17:09:07.154] [INFO] channel - createChannel:  16  <-->  21
[2019-12-27T17:09:07.254] [INFO] channel - createChannel:  16  <-->  28
[2019-12-27T17:09:07.355] [INFO] channel - createChannel:  17  <-->  22
[2019-12-27T17:09:07.463] [INFO] channel - createChannel:  17  <-->  23
[2019-12-27T17:09:07.566] [INFO] channel - createChannel:  17  <-->  25
[2019-12-27T17:09:07.671] [INFO] channel - createChannel:  17  <-->  26
[2019-12-27T17:09:07.777] [INFO] channel - createChannel:  18  <-->  21
[2019-12-27T17:09:07.883] [INFO] channel - createChannel:  18  <-->  23
[2019-12-27T17:09:07.986] [INFO] channel - createChannel:  18  <-->  25
[2019-12-27T17:09:08.102] [INFO] channel - createChannel:  19  <-->  20
[2019-12-27T17:09:08.205] [INFO] channel - createChannel:  19  <-->  22
[2019-12-27T17:09:08.307] [INFO] channel - createChannel:  19  <-->  27
[2019-12-27T17:09:08.409] [INFO] channel - createChannel:  19  <-->  29
[2019-12-27T17:09:08.514] [INFO] channel - createChannel:  20  <-->  24
[2019-12-27T17:09:08.617] [INFO] channel - createChannel:  20  <-->  25
[2019-12-27T17:09:08.721] [INFO] channel - createChannel:  20  <-->  26
[2019-12-27T17:09:08.824] [INFO] channel - createChannel:  21  <-->  23
[2019-12-27T17:09:08.925] [INFO] channel - createChannel:  21  <-->  24
[2019-12-27T17:09:09.026] [INFO] channel - createChannel:  21  <-->  26
[2019-12-27T17:09:09.125] [INFO] channel - createChannel:  22  <-->  28
[2019-12-27T17:09:09.225] [INFO] channel - createChannel:  22  <-->  29
[2019-12-27T17:09:09.330] [INFO] channel - createChannel:  23  <-->  27
[2019-12-27T17:09:09.437] [INFO] channel - createChannel:  23  <-->  29
[2019-12-27T17:09:09.542] [INFO] channel - createChannel:  24  <-->  26
[2019-12-27T17:09:09.700] [INFO] channel - createChannel:  24  <-->  28
[2019-12-27T17:09:09.802] [INFO] channel - createChannel:  26  <-->  28
[2019-12-27T17:09:09.904] [INFO] channel - createChannel:  27  <-->  28
[2019-12-27T17:09:10.006] [INFO] channel - createChannel:  28  <-->  29
[2019-12-27T17:09:10.007] [INFO] channel - createMPC start...
[2019-12-27T17:09:11.418] [INFO] channel - createMPC mpc_id:  0
[2019-12-27T17:09:11.419] [INFO] channel - createMPC end...
[2019-12-27T17:09:11.419] [INFO] channel - generate transactions:  [
  [ 0, 23, '7' ],  [ 1, 23, '7' ],
  [ 2, 23, '7' ],  [ 3, 23, '7' ],
  [ 4, 23, '7' ],  [ 5, 23, '7' ],
  [ 6, 23, '7' ],  [ 7, 23, '7' ],
  [ 8, 23, '7' ],  [ 9, 23, '7' ],
  [ 10, 23, '7' ], [ 11, 23, '7' ],
  [ 12, 23, '7' ], [ 13, 23, '7' ],
  [ 14, 23, '7' ], [ 15, 23, '7' ],
  [ 16, 23, '7' ], [ 17, 23, '7' ],
  [ 18, 23, '7' ], [ 19, 23, '7' ],
  [ 20, 23, '7' ], [ 21, 23, '7' ],
  [ 22, 23, '7' ], [ 24, 23, '7' ],
  [ 25, 23, '7' ], [ 26, 23, '7' ],
  [ 27, 23, '7' ], [ 28, 23, '7' ],
  [ 29, 23, '7' ]
]
[2019-12-27T17:09:11.428] [INFO] channel - revised transactions:  [
  [ 0, 3, '7' ],   [ 15, 1, '7' ],
  [ 16, 1, '7' ],  [ 2, 1, '7' ],
  [ 1, 23, '63' ], [ 25, 1, '7' ],
  [ 26, 1, '7' ],  [ 28, 1, '7' ],
  [ 4, 1, '14' ],  [ 12, 18, '7' ],
  [ 17, 23, '7' ], [ 18, 23, '14' ],
  [ 21, 23, '7' ], [ 27, 23, '7' ],
  [ 29, 23, '7' ], [ 10, 3, '7' ],
  [ 13, 3, '7' ],  [ 19, 3, '7' ],
  [ 20, 3, '7' ],  [ 22, 3, '7' ],
  [ 3, 23, '63' ], [ 24, 3, '7' ],
  [ 5, 3, '7' ],   [ 8, 4, '7' ],
  [ 6, 23, '7' ],  [ 11, 7, '7' ],
  [ 7, 23, '14' ], [ 14, 9, '7' ],
  [ 9, 23, '14' ]
]
[2019-12-27T17:09:12.887] [INFO] channel - generate transactions:  [
  [ 0, 2, '7' ],  [ 1, 2, '7' ],
  [ 3, 2, '7' ],  [ 4, 2, '7' ],
  [ 5, 2, '7' ],  [ 6, 2, '7' ],
  [ 7, 2, '7' ],  [ 8, 2, '7' ],
  [ 9, 2, '7' ],  [ 10, 2, '7' ],
  [ 11, 2, '7' ], [ 12, 2, '7' ],
  [ 13, 2, '7' ], [ 14, 2, '7' ],
  [ 15, 2, '7' ], [ 16, 2, '7' ],
  [ 17, 2, '7' ], [ 18, 2, '7' ],
  [ 19, 2, '7' ], [ 20, 2, '7' ],
  [ 21, 2, '7' ], [ 22, 2, '7' ],
  [ 23, 2, '7' ], [ 24, 2, '7' ],
  [ 25, 2, '7' ], [ 26, 2, '7' ],
  [ 27, 2, '7' ], [ 28, 2, '7' ],
  [ 29, 2, '7' ]
]
[2019-12-27T17:09:12.894] [INFO] channel - revised transactions:  [
  [ 14, 0, '7' ],  [ 17, 0, '7' ],
  [ 19, 0, '7' ],  [ 0, 2, '70' ],
  [ 21, 0, '7' ],  [ 22, 0, '7' ],
  [ 26, 0, '7' ],  [ 3, 0, '7' ],
  [ 5, 0, '7' ],   [ 6, 0, '7' ],
  [ 15, 1, '7' ],  [ 1, 2, '42' ],
  [ 23, 1, '7' ],  [ 27, 1, '7' ],
  [ 28, 1, '7' ],  [ 4, 1, '7' ],
  [ 10, 11, '7' ], [ 13, 12, '7' ],
  [ 11, 2, '14' ], [ 12, 2, '14' ],
  [ 16, 2, '7' ],  [ 18, 2, '7' ],
  [ 24, 2, '14' ], [ 25, 2, '14' ],
  [ 29, 2, '7' ],  [ 9, 2, '14' ],
  [ 20, 24, '7' ], [ 7, 9, '7' ],
  [ 8, 25, '7' ]
]
[2019-12-27T17:09:14.222] [INFO] channel - generate transactions:  [
  [ 0, 12, '5' ],  [ 1, 12, '5' ],
  [ 2, 12, '5' ],  [ 3, 12, '5' ],
  [ 4, 12, '5' ],  [ 5, 12, '5' ],
  [ 6, 12, '5' ],  [ 7, 12, '5' ],
  [ 8, 12, '5' ],  [ 9, 12, '5' ],
  [ 10, 12, '5' ], [ 11, 12, '5' ],
  [ 13, 12, '5' ], [ 14, 12, '5' ],
  [ 15, 12, '5' ], [ 16, 12, '5' ],
  [ 17, 12, '5' ], [ 18, 12, '5' ],
  [ 19, 12, '5' ], [ 20, 12, '5' ],
  [ 21, 12, '5' ], [ 22, 12, '5' ],
  [ 23, 12, '5' ], [ 24, 12, '5' ],
  [ 25, 12, '5' ], [ 26, 12, '5' ],
  [ 27, 12, '5' ], [ 28, 12, '5' ],
  [ 29, 12, '5' ]
]
[2019-12-27T17:09:14.230] [INFO] channel - revised transactions:  [
  [ 0, 12, '55' ],  [ 16, 0, '5' ],
  [ 17, 0, '5' ],   [ 19, 0, '5' ],
  [ 21, 0, '5' ],   [ 22, 0, '5' ],
  [ 24, 0, '5' ],   [ 3, 0, '5' ],
  [ 5, 0, '5' ],    [ 6, 0, '5' ],
  [ 9, 0, '5' ],    [ 1, 2, '5' ],
  [ 10, 12, '10' ], [ 11, 12, '15' ],
  [ 15, 11, '5' ],  [ 13, 12, '10' ],
  [ 14, 12, '15' ], [ 18, 12, '10' ],
  [ 26, 12, '5' ],  [ 27, 12, '5' ],
  [ 29, 12, '5' ],  [ 28, 13, '5' ],
  [ 20, 14, '5' ],  [ 23, 18, '5' ],
  [ 2, 12, '15' ],  [ 25, 2, '5' ],
  [ 4, 10, '5' ],   [ 7, 11, '5' ],
  [ 8, 14, '5' ]
]
[2019-12-27T17:09:15.585] [INFO] channel - generate transactions:  [
  [ 0, 23, '3' ],  [ 1, 23, '3' ],
  [ 2, 23, '3' ],  [ 3, 23, '3' ],
  [ 4, 23, '3' ],  [ 5, 23, '3' ],
  [ 6, 23, '3' ],  [ 7, 23, '3' ],
  [ 8, 23, '3' ],  [ 9, 23, '3' ],
  [ 10, 23, '3' ], [ 11, 23, '3' ],
  [ 12, 23, '3' ], [ 13, 23, '3' ],
  [ 14, 23, '3' ], [ 15, 23, '3' ],
  [ 16, 23, '3' ], [ 17, 23, '3' ],
  [ 18, 23, '3' ], [ 19, 23, '3' ],
  [ 20, 23, '3' ], [ 21, 23, '3' ],
  [ 22, 23, '3' ], [ 24, 23, '3' ],
  [ 25, 23, '3' ], [ 26, 23, '3' ],
  [ 27, 23, '3' ], [ 28, 23, '3' ],
  [ 29, 23, '3' ]
]
[2019-12-27T17:09:15.595] [INFO] channel - revised transactions:  [
  [ 0, 3, '3' ],   [ 15, 1, '3' ],
  [ 16, 1, '3' ],  [ 2, 1, '3' ],
  [ 1, 23, '27' ], [ 25, 1, '3' ],
  [ 26, 1, '3' ],  [ 28, 1, '3' ],
  [ 4, 1, '6' ],   [ 12, 18, '3' ],
  [ 17, 23, '3' ], [ 18, 23, '6' ],
  [ 21, 23, '3' ], [ 27, 23, '3' ],
  [ 29, 23, '3' ], [ 10, 3, '3' ],
  [ 13, 3, '3' ],  [ 19, 3, '3' ],
  [ 20, 3, '3' ],  [ 22, 3, '3' ],
  [ 3, 23, '27' ], [ 24, 3, '3' ],
  [ 5, 3, '3' ],   [ 8, 4, '3' ],
  [ 6, 23, '3' ],  [ 11, 7, '3' ],
  [ 7, 23, '6' ],  [ 14, 9, '3' ],
  [ 9, 23, '6' ]
]
[2019-12-27T17:09:16.881] [INFO] channel - generate transactions:  [
  [ 0, 2, '7' ],  [ 1, 2, '7' ],
  [ 3, 2, '7' ],  [ 4, 2, '7' ],
  [ 5, 2, '7' ],  [ 6, 2, '7' ],
  [ 7, 2, '7' ],  [ 8, 2, '7' ],
  [ 9, 2, '7' ],  [ 10, 2, '7' ],
  [ 11, 2, '7' ], [ 12, 2, '7' ],
  [ 13, 2, '7' ], [ 14, 2, '7' ],
  [ 15, 2, '7' ], [ 16, 2, '7' ],
  [ 17, 2, '7' ], [ 18, 2, '7' ],
  [ 19, 2, '7' ], [ 20, 2, '7' ],
  [ 21, 2, '7' ], [ 22, 2, '7' ],
  [ 23, 2, '7' ], [ 24, 2, '7' ],
  [ 25, 2, '7' ], [ 26, 2, '7' ],
  [ 27, 2, '7' ], [ 28, 2, '7' ],
  [ 29, 2, '7' ]
]
[2019-12-27T17:09:16.890] [INFO] channel - revised transactions:  [
  [ 14, 0, '7' ],  [ 17, 0, '7' ],
  [ 19, 0, '7' ],  [ 0, 2, '70' ],
  [ 21, 0, '7' ],  [ 22, 0, '7' ],
  [ 26, 0, '7' ],  [ 3, 0, '7' ],
  [ 5, 0, '7' ],   [ 6, 0, '7' ],
  [ 15, 1, '7' ],  [ 1, 2, '42' ],
  [ 23, 1, '7' ],  [ 27, 1, '7' ],
  [ 28, 1, '7' ],  [ 4, 1, '7' ],
  [ 10, 11, '7' ], [ 13, 12, '7' ],
  [ 11, 2, '14' ], [ 12, 2, '14' ],
  [ 16, 2, '7' ],  [ 18, 2, '7' ],
  [ 24, 2, '14' ], [ 25, 2, '14' ],
  [ 29, 2, '7' ],  [ 9, 2, '14' ],
  [ 20, 24, '7' ], [ 7, 9, '7' ],
  [ 8, 25, '7' ]
]
[2019-12-27T17:09:18.187] [INFO] channel - generate transactions:  [
  [ 0, 23, '4' ],  [ 1, 23, '4' ],
  [ 2, 23, '4' ],  [ 3, 23, '4' ],
  [ 4, 23, '4' ],  [ 5, 23, '4' ],
  [ 6, 23, '4' ],  [ 7, 23, '4' ],
  [ 8, 23, '4' ],  [ 9, 23, '4' ],
  [ 10, 23, '4' ], [ 11, 23, '4' ],
  [ 12, 23, '4' ], [ 13, 23, '4' ],
  [ 14, 23, '4' ], [ 15, 23, '4' ],
  [ 16, 23, '4' ], [ 17, 23, '4' ],
  [ 18, 23, '4' ], [ 19, 23, '4' ],
  [ 20, 23, '4' ], [ 21, 23, '4' ],
  [ 22, 23, '4' ], [ 24, 23, '4' ],
  [ 25, 23, '4' ], [ 26, 23, '4' ],
  [ 27, 23, '4' ], [ 28, 23, '4' ],
  [ 29, 23, '4' ]
]
[2019-12-27T17:09:18.195] [INFO] channel - revised transactions:  [
  [ 0, 3, '4' ],   [ 15, 1, '4' ],
  [ 16, 1, '4' ],  [ 2, 1, '4' ],
  [ 1, 23, '36' ], [ 25, 1, '4' ],
  [ 26, 1, '4' ],  [ 28, 1, '4' ],
  [ 4, 1, '8' ],   [ 12, 18, '4' ],
  [ 17, 23, '4' ], [ 18, 23, '8' ],
  [ 21, 23, '4' ], [ 27, 23, '4' ],
  [ 29, 23, '4' ], [ 10, 3, '4' ],
  [ 13, 3, '4' ],  [ 19, 3, '4' ],
  [ 20, 3, '4' ],  [ 22, 3, '4' ],
  [ 3, 23, '36' ], [ 24, 3, '4' ],
  [ 5, 3, '4' ],   [ 8, 4, '4' ],
  [ 6, 23, '4' ],  [ 11, 7, '4' ],
  [ 7, 23, '8' ],  [ 14, 9, '4' ],
  [ 9, 23, '8' ]
]
[2019-12-27T17:09:19.496] [INFO] channel - generate transactions:  [
  [ 0, 15, '4' ],  [ 1, 15, '4' ],
  [ 2, 15, '4' ],  [ 3, 15, '4' ],
  [ 4, 15, '4' ],  [ 5, 15, '4' ],
  [ 6, 15, '4' ],  [ 7, 15, '4' ],
  [ 8, 15, '4' ],  [ 9, 15, '4' ],
  [ 10, 15, '4' ], [ 11, 15, '4' ],
  [ 12, 15, '4' ], [ 13, 15, '4' ],
  [ 14, 15, '4' ], [ 16, 15, '4' ],
  [ 17, 15, '4' ], [ 18, 15, '4' ],
  [ 19, 15, '4' ], [ 20, 15, '4' ],
  [ 21, 15, '4' ], [ 22, 15, '4' ],
  [ 23, 15, '4' ], [ 24, 15, '4' ],
  [ 25, 15, '4' ], [ 26, 15, '4' ],
  [ 27, 15, '4' ], [ 28, 15, '4' ],
  [ 29, 15, '4' ]
]
[2019-12-27T17:09:19.510] [INFO] channel - revised transactions:  [
  [ 0, 6, '4' ],   [ 1, 15, '44' ],
  [ 16, 1, '4' ],  [ 18, 1, '4' ],
  [ 2, 1, '8' ],   [ 23, 1, '4' ],
  [ 25, 1, '4' ],  [ 26, 1, '4' ],
  [ 28, 1, '4' ],  [ 3, 1, '8' ],
  [ 12, 11, '4' ], [ 11, 15, '12' ],
  [ 21, 11, '4' ], [ 13, 17, '4' ],
  [ 17, 15, '8' ], [ 22, 15, '4' ],
  [ 27, 15, '4' ], [ 24, 2, '4' ],
  [ 20, 3, '4' ],  [ 10, 4, '4' ],
  [ 14, 4, '4' ],  [ 4, 15, '20' ],
  [ 19, 4, '4' ],  [ 8, 4, '4' ],
  [ 5, 6, '4' ],   [ 6, 15, '24' ],
  [ 29, 6, '4' ],  [ 7, 6, '4' ],
  [ 9, 6, '4' ]
]
[2019-12-27T17:09:20.800] [INFO] channel - generate transactions:  [
  [ 0, 4, '7' ],  [ 1, 4, '7' ],
  [ 2, 4, '7' ],  [ 3, 4, '7' ],
  [ 5, 4, '7' ],  [ 6, 4, '7' ],
  [ 7, 4, '7' ],  [ 8, 4, '7' ],
  [ 9, 4, '7' ],  [ 10, 4, '7' ],
  [ 11, 4, '7' ], [ 12, 4, '7' ],
  [ 13, 4, '7' ], [ 14, 4, '7' ],
  [ 15, 4, '7' ], [ 16, 4, '7' ],
  [ 17, 4, '7' ], [ 18, 4, '7' ],
  [ 19, 4, '7' ], [ 20, 4, '7' ],
  [ 21, 4, '7' ], [ 22, 4, '7' ],
  [ 23, 4, '7' ], [ 24, 4, '7' ],
  [ 25, 4, '7' ], [ 26, 4, '7' ],
  [ 27, 4, '7' ], [ 28, 4, '7' ],
  [ 29, 4, '7' ]
]
[2019-12-27T17:09:20.810] [INFO] channel - revised transactions:  [
  [ 0, 14, '7' ],  [ 16, 1, '7' ],
  [ 2, 1, '7' ],   [ 23, 1, '7' ],
  [ 25, 1, '7' ],  [ 27, 1, '7' ],
  [ 28, 1, '7' ],  [ 3, 1, '7' ],
  [ 1, 4, '56' ],  [ 12, 10, '7' ],
  [ 24, 10, '7' ], [ 21, 11, '7' ],
  [ 29, 11, '7' ], [ 13, 17, '7' ],
  [ 20, 14, '7' ], [ 10, 4, '28' ],
  [ 11, 4, '28' ], [ 14, 4, '28' ],
  [ 15, 4, '14' ], [ 17, 4, '14' ],
  [ 18, 4, '7' ],  [ 19, 4, '7' ],
  [ 26, 4, '7' ],  [ 8, 4, '14' ],
  [ 5, 10, '7' ],  [ 6, 15, '7' ],
  [ 7, 11, '7' ],  [ 22, 8, '7' ],
  [ 9, 14, '7' ]
]
[2019-12-27T17:09:22.200] [INFO] channel - generate transactions:  [
  [ 0, 3, '6' ],  [ 1, 3, '6' ],
  [ 2, 3, '6' ],  [ 4, 3, '6' ],
  [ 5, 3, '6' ],  [ 6, 3, '6' ],
  [ 7, 3, '6' ],  [ 8, 3, '6' ],
  [ 9, 3, '6' ],  [ 10, 3, '6' ],
  [ 11, 3, '6' ], [ 12, 3, '6' ],
  [ 13, 3, '6' ], [ 14, 3, '6' ],
  [ 15, 3, '6' ], [ 16, 3, '6' ],
  [ 17, 3, '6' ], [ 18, 3, '6' ],
  [ 19, 3, '6' ], [ 20, 3, '6' ],
  [ 21, 3, '6' ], [ 22, 3, '6' ],
  [ 23, 3, '6' ], [ 24, 3, '6' ],
  [ 25, 3, '6' ], [ 26, 3, '6' ],
  [ 27, 3, '6' ], [ 28, 3, '6' ],
  [ 29, 3, '6' ]
]
[2019-12-27T17:09:22.202] [INFO] channel - revised transactions:  [
  [ 12, 0, '6' ], [ 14, 0, '6' ],
  [ 16, 0, '6' ], [ 17, 0, '6' ],
  [ 2, 0, '6' ],  [ 21, 0, '6' ],
  [ 29, 0, '6' ], [ 0, 3, '54' ],
  [ 6, 0, '6' ],  [ 15, 1, '6' ],
  [ 25, 1, '6' ], [ 28, 1, '6' ],
  [ 1, 3, '30' ], [ 4, 1, '6' ],
  [ 10, 3, '6' ], [ 13, 3, '6' ],
  [ 18, 3, '6' ], [ 19, 3, '6' ],
  [ 20, 3, '6' ], [ 22, 3, '12' ],
  [ 23, 3, '6' ], [ 24, 3, '6' ],
  [ 26, 3, '6' ], [ 27, 3, '6' ],
  [ 5, 3, '12' ], [ 7, 3, '6' ],
  [ 9, 3, '6' ],  [ 11, 5, '6' ],
  [ 8, 22, '6' ]
]
[2019-12-27T17:09:23.576] [INFO] channel - generate transactions:  [
  [ 0, 17, '5' ],  [ 1, 17, '5' ],
  [ 2, 17, '5' ],  [ 3, 17, '5' ],
  [ 4, 17, '5' ],  [ 5, 17, '5' ],
  [ 6, 17, '5' ],  [ 7, 17, '5' ],
  [ 8, 17, '5' ],  [ 9, 17, '5' ],
  [ 10, 17, '5' ], [ 11, 17, '5' ],
  [ 12, 17, '5' ], [ 13, 17, '5' ],
  [ 14, 17, '5' ], [ 15, 17, '5' ],
  [ 16, 17, '5' ], [ 18, 17, '5' ],
  [ 19, 17, '5' ], [ 20, 17, '5' ],
  [ 21, 17, '5' ], [ 22, 17, '5' ],
  [ 23, 17, '5' ], [ 24, 17, '5' ],
  [ 25, 17, '5' ], [ 26, 17, '5' ],
  [ 27, 17, '5' ], [ 28, 17, '5' ],
  [ 29, 17, '5' ]
]
[2019-12-27T17:09:23.578] [INFO] channel - revised transactions:  [
  [ 12, 0, '5' ],  [ 0, 17, '40' ],
  [ 19, 0, '5' ],  [ 2, 0, '5' ],
  [ 21, 0, '5' ],  [ 24, 0, '5' ],
  [ 29, 0, '5' ],  [ 3, 0, '5' ],
  [ 1, 4, '5' ],   [ 13, 17, '5' ],
  [ 14, 17, '5' ], [ 15, 17, '5' ],
  [ 16, 17, '5' ], [ 22, 17, '5' ],
  [ 23, 17, '5' ], [ 25, 17, '5' ],
  [ 26, 17, '5' ], [ 10, 4, '5' ],
  [ 11, 4, '5' ],  [ 4, 17, '30' ],
  [ 18, 4, '5' ],  [ 8, 4, '5' ],
  [ 5, 17, '5' ],  [ 6, 17, '15' ],
  [ 27, 6, '5' ],  [ 28, 6, '5' ],
  [ 7, 17, '10' ], [ 20, 7, '5' ],
  [ 9, 17, '5' ]
]
