[2019-12-27T19:52:35.467] [INFO] channel - createChannel:  0  <-->  1
[2019-12-27T19:52:35.750] [INFO] channel - createChannel:  0  <-->  3
[2019-12-27T19:52:35.929] [INFO] channel - createChannel:  0  <-->  5
[2019-12-27T19:52:36.152] [INFO] channel - createChannel:  0  <-->  9
[2019-12-27T19:52:36.358] [INFO] channel - createChannel:  0  <-->  11
[2019-12-27T19:52:36.544] [INFO] channel - createChannel:  0  <-->  12
[2019-12-27T19:52:36.714] [INFO] channel - createChannel:  0  <-->  13
[2019-12-27T19:52:36.872] [INFO] channel - createChannel:  1  <-->  2
[2019-12-27T19:52:37.031] [INFO] channel - createChannel:  1  <-->  5
[2019-12-27T19:52:37.178] [INFO] channel - createChannel:  1  <-->  7
[2019-12-27T19:52:37.306] [INFO] channel - createChannel:  1  <-->  9
[2019-12-27T19:52:37.436] [INFO] channel - createChannel:  1  <-->  11
[2019-12-27T19:52:37.563] [INFO] channel - createChannel:  2  <-->  3
[2019-12-27T19:52:37.687] [INFO] channel - createChannel:  2  <-->  4
[2019-12-27T19:52:37.803] [INFO] channel - createChannel:  2  <-->  5
[2019-12-27T19:52:37.928] [INFO] channel - createChannel:  2  <-->  6
[2019-12-27T19:52:38.051] [INFO] channel - createChannel:  2  <-->  7
[2019-12-27T19:52:38.171] [INFO] channel - createChannel:  2  <-->  8
[2019-12-27T19:52:38.289] [INFO] channel - createChannel:  2  <-->  13
[2019-12-27T19:52:38.427] [INFO] channel - createChannel:  2  <-->  14
[2019-12-27T19:52:38.544] [INFO] channel - createChannel:  3  <-->  7
[2019-12-27T19:52:38.657] [INFO] channel - createChannel:  3  <-->  9
[2019-12-27T19:52:38.813] [INFO] channel - createChannel:  3  <-->  10
[2019-12-27T19:52:38.963] [INFO] channel - createChannel:  3  <-->  13
[2019-12-27T19:52:39.088] [INFO] channel - createChannel:  3  <-->  14
[2019-12-27T19:52:39.204] [INFO] channel - createChannel:  4  <-->  5
[2019-12-27T19:52:39.312] [INFO] channel - createChannel:  4  <-->  6
[2019-12-27T19:52:39.421] [INFO] channel - createChannel:  4  <-->  7
[2019-12-27T19:52:39.553] [INFO] channel - createChannel:  4  <-->  11
[2019-12-27T19:52:39.690] [INFO] channel - createChannel:  4  <-->  13
[2019-12-27T19:52:39.805] [INFO] channel - createChannel:  5  <-->  10
[2019-12-27T19:52:39.920] [INFO] channel - createChannel:  5  <-->  11
[2019-12-27T19:52:40.032] [INFO] channel - createChannel:  5  <-->  14
[2019-12-27T19:52:40.152] [INFO] channel - createChannel:  6  <-->  12
[2019-12-27T19:52:40.271] [INFO] channel - createChannel:  7  <-->  8
[2019-12-27T19:52:40.397] [INFO] channel - createChannel:  7  <-->  10
[2019-12-27T19:52:40.513] [INFO] channel - createChannel:  7  <-->  11
[2019-12-27T19:52:40.630] [INFO] channel - createChannel:  8  <-->  11
[2019-12-27T19:52:40.749] [INFO] channel - createChannel:  8  <-->  12
[2019-12-27T19:52:40.873] [INFO] channel - createChannel:  8  <-->  14
[2019-12-27T19:52:40.984] [INFO] channel - createChannel:  9  <-->  11
[2019-12-27T19:52:41.093] [INFO] channel - createChannel:  10  <-->  11
[2019-12-27T19:52:41.203] [INFO] channel - createChannel:  10  <-->  12
[2019-12-27T19:52:41.312] [INFO] channel - createChannel:  11  <-->  13
[2019-12-27T19:52:41.437] [INFO] channel - createChannel:  12  <-->  13
[2019-12-27T19:52:41.544] [INFO] channel - createChannel:  12  <-->  14
[2019-12-27T19:52:41.545] [INFO] channel - createMPC start...
[2019-12-27T19:52:42.055] [INFO] channel - createMPC mpc_id:  0
[2019-12-27T19:52:42.055] [INFO] channel - createMPC end...
[2019-12-27T19:52:42.056] [INFO] channel - generate transactions:  [
  [ 0, 8, '6' ],  [ 1, 8, '6' ],
  [ 2, 8, '6' ],  [ 3, 8, '6' ],
  [ 4, 8, '6' ],  [ 5, 8, '6' ],
  [ 6, 8, '6' ],  [ 7, 8, '6' ],
  [ 9, 8, '6' ],  [ 10, 8, '6' ],
  [ 11, 8, '6' ], [ 12, 8, '6' ],
  [ 13, 8, '6' ], [ 14, 8, '6' ]
]
[2019-12-27T19:52:42.058] [INFO] channel - revised transactions:  [
  [ 0, 11, '6' ],  [ 1, 2, '6' ],
  [ 13, 2, '6' ],  [ 3, 2, '6' ],
  [ 4, 2, '6' ],   [ 5, 2, '6' ],
  [ 6, 2, '6' ],   [ 2, 8, '42' ],
  [ 10, 7, '6' ],  [ 7, 8, '12' ],
  [ 11, 8, '18' ], [ 12, 8, '6' ],
  [ 14, 8, '6' ],  [ 9, 11, '6' ]
]
[2019-12-27T19:52:42.585] [INFO] channel - generate transactions:  [
  [ 0, 12, '6' ],  [ 1, 12, '6' ],
  [ 2, 12, '6' ],  [ 3, 12, '6' ],
  [ 4, 12, '6' ],  [ 5, 12, '6' ],
  [ 6, 12, '6' ],  [ 7, 12, '6' ],
  [ 8, 12, '6' ],  [ 9, 12, '6' ],
  [ 10, 12, '6' ], [ 11, 12, '6' ],
  [ 13, 12, '6' ], [ 14, 12, '6' ]
]
[2019-12-27T19:52:42.587] [INFO] channel - revised transactions:  [
  [ 1, 0, '6' ],   [ 11, 0, '6' ],
  [ 0, 12, '36' ], [ 3, 0, '6' ],
  [ 5, 0, '6' ],   [ 9, 0, '6' ],
  [ 10, 12, '6' ], [ 13, 12, '6' ],
  [ 14, 12, '6' ], [ 2, 6, '6' ],
  [ 4, 6, '6' ],   [ 6, 12, '18' ],
  [ 7, 8, '6' ],   [ 8, 12, '12' ]
]
[2019-12-27T19:52:43.074] [INFO] channel - generate transactions:  [
  [ 0, 3, '5' ],  [ 1, 3, '5' ],
  [ 2, 3, '5' ],  [ 4, 3, '5' ],
  [ 5, 3, '5' ],  [ 6, 3, '5' ],
  [ 7, 3, '5' ],  [ 8, 3, '5' ],
  [ 9, 3, '5' ],  [ 10, 3, '5' ],
  [ 11, 3, '5' ], [ 12, 3, '5' ],
  [ 13, 3, '5' ], [ 14, 3, '5' ]
]
[2019-12-27T19:52:43.076] [INFO] channel - revised transactions:  [
  [ 1, 0, '5' ],  [ 11, 0, '5' ],
  [ 12, 0, '5' ], [ 0, 3, '25' ],
  [ 5, 0, '5' ],  [ 2, 3, '20' ],
  [ 4, 2, '5' ],  [ 6, 2, '5' ],
  [ 8, 2, '5' ],  [ 10, 3, '5' ],
  [ 13, 3, '5' ], [ 14, 3, '5' ],
  [ 7, 3, '5' ],  [ 9, 3, '5' ]
]
[2019-12-27T19:52:43.560] [INFO] channel - generate transactions:  [
  [ 0, 3, '6' ],  [ 1, 3, '6' ],
  [ 2, 3, '6' ],  [ 4, 3, '6' ],
  [ 5, 3, '6' ],  [ 6, 3, '6' ],
  [ 7, 3, '6' ],  [ 8, 3, '6' ],
  [ 9, 3, '6' ],  [ 10, 3, '6' ],
  [ 11, 3, '6' ], [ 12, 3, '6' ],
  [ 13, 3, '6' ], [ 14, 3, '6' ]
]
[2019-12-27T19:52:43.561] [INFO] channel - revised transactions:  [
  [ 1, 0, '6' ],  [ 11, 0, '6' ],
  [ 12, 0, '6' ], [ 0, 3, '30' ],
  [ 5, 0, '6' ],  [ 2, 3, '24' ],
  [ 4, 2, '6' ],  [ 6, 2, '6' ],
  [ 8, 2, '6' ],  [ 10, 3, '6' ],
  [ 13, 3, '6' ], [ 14, 3, '6' ],
  [ 7, 3, '6' ],  [ 9, 3, '6' ]
]
[2019-12-27T19:52:44.049] [INFO] channel - generate transactions:  [
  [ 1, 0, '5' ],  [ 2, 0, '5' ],
  [ 3, 0, '5' ],  [ 4, 0, '5' ],
  [ 5, 0, '5' ],  [ 6, 0, '5' ],
  [ 7, 0, '5' ],  [ 8, 0, '5' ],
  [ 9, 0, '5' ],  [ 10, 0, '5' ],
  [ 11, 0, '5' ], [ 12, 0, '5' ],
  [ 13, 0, '5' ], [ 14, 0, '5' ]
]
[2019-12-27T19:52:44.051] [INFO] channel - revised transactions:  [
  [ 1, 0, '15' ],  [ 11, 0, '10' ],
  [ 12, 0, '10' ], [ 13, 0, '5' ],
  [ 3, 0, '15' ],  [ 5, 0, '10' ],
  [ 9, 0, '5' ],   [ 2, 1, '5' ],
  [ 7, 1, '5' ],   [ 10, 3, '5' ],
  [ 14, 3, '5' ],  [ 4, 5, '5' ],
  [ 6, 12, '5' ],  [ 8, 11, '5' ]
]
[2019-12-27T19:52:44.553] [INFO] channel - generate transactions:  [
  [ 0, 7, '5' ],  [ 1, 7, '5' ],
  [ 2, 7, '5' ],  [ 3, 7, '5' ],
  [ 4, 7, '5' ],  [ 5, 7, '5' ],
  [ 6, 7, '5' ],  [ 8, 7, '5' ],
  [ 9, 7, '5' ],  [ 10, 7, '5' ],
  [ 11, 7, '5' ], [ 12, 7, '5' ],
  [ 13, 7, '5' ], [ 14, 7, '5' ]
]
[2019-12-27T19:52:44.555] [INFO] channel - revised transactions:  [
  [ 0, 1, '5' ],  [ 5, 1, '5' ],
  [ 1, 7, '20' ], [ 9, 1, '5' ],
  [ 13, 2, '5' ], [ 14, 2, '5' ],
  [ 6, 2, '5' ],  [ 2, 7, '20' ],
  [ 3, 7, '5' ],  [ 4, 7, '5' ],
  [ 10, 7, '5' ], [ 11, 7, '5' ],
  [ 8, 7, '10' ], [ 12, 8, '5' ]
]
[2019-12-27T19:52:45.039] [INFO] channel - generate transactions:  [
  [ 0, 12, '4' ],  [ 1, 12, '4' ],
  [ 2, 12, '4' ],  [ 3, 12, '4' ],
  [ 4, 12, '4' ],  [ 5, 12, '4' ],
  [ 6, 12, '4' ],  [ 7, 12, '4' ],
  [ 8, 12, '4' ],  [ 9, 12, '4' ],
  [ 10, 12, '4' ], [ 11, 12, '4' ],
  [ 13, 12, '4' ], [ 14, 12, '4' ]
]
[2019-12-27T19:52:45.041] [INFO] channel - revised transactions:  [
  [ 1, 0, '4' ],   [ 11, 0, '4' ],
  [ 0, 12, '24' ], [ 3, 0, '4' ],
  [ 5, 0, '4' ],   [ 9, 0, '4' ],
  [ 10, 12, '4' ], [ 13, 12, '4' ],
  [ 14, 12, '4' ], [ 2, 6, '4' ],
  [ 4, 6, '4' ],   [ 6, 12, '12' ],
  [ 7, 8, '4' ],   [ 8, 12, '8' ]
]
[2019-12-27T19:52:45.532] [INFO] channel - generate transactions:  [
  [ 0, 2, '4' ],  [ 1, 2, '4' ],
  [ 3, 2, '4' ],  [ 4, 2, '4' ],
  [ 5, 2, '4' ],  [ 6, 2, '4' ],
  [ 7, 2, '4' ],  [ 8, 2, '4' ],
  [ 9, 2, '4' ],  [ 10, 2, '4' ],
  [ 11, 2, '4' ], [ 12, 2, '4' ],
  [ 13, 2, '4' ], [ 14, 2, '4' ]
]
[2019-12-27T19:52:45.533] [INFO] channel - revised transactions:  [
  [ 0, 1, '4' ],  [ 11, 1, '4' ],
  [ 1, 2, '16' ], [ 9, 1, '4' ],
  [ 13, 2, '4' ], [ 14, 2, '4' ],
  [ 3, 2, '8' ],  [ 4, 2, '4' ],
  [ 5, 2, '4' ],  [ 6, 2, '8' ],
  [ 7, 2, '4' ],  [ 8, 2, '4' ],
  [ 10, 3, '4' ], [ 12, 6, '4' ]
]
[2019-12-27T19:52:46.022] [INFO] channel - generate transactions:  [
  [ 0, 5, '3' ],  [ 1, 5, '3' ],
  [ 2, 5, '3' ],  [ 3, 5, '3' ],
  [ 4, 5, '3' ],  [ 6, 5, '3' ],
  [ 7, 5, '3' ],  [ 8, 5, '3' ],
  [ 9, 5, '3' ],  [ 10, 5, '3' ],
  [ 11, 5, '3' ], [ 12, 5, '3' ],
  [ 13, 5, '3' ], [ 14, 5, '3' ]
]
[2019-12-27T19:52:46.023] [INFO] channel - revised transactions:  [
  [ 12, 0, '3' ], [ 13, 0, '3' ],
  [ 3, 0, '3' ],  [ 0, 5, '15' ],
  [ 9, 0, '3' ],  [ 1, 5, '6' ],
  [ 7, 1, '3' ],  [ 2, 5, '9' ],
  [ 6, 2, '3' ],  [ 8, 2, '3' ],
  [ 4, 5, '3' ],  [ 10, 5, '3' ],
  [ 11, 5, '3' ], [ 14, 5, '3' ]
]
[2019-12-27T19:52:46.487] [INFO] channel - generate transactions:  [
  [ 0, 5, '6' ],  [ 1, 5, '6' ],
  [ 2, 5, '6' ],  [ 3, 5, '6' ],
  [ 4, 5, '6' ],  [ 6, 5, '6' ],
  [ 7, 5, '6' ],  [ 8, 5, '6' ],
  [ 9, 5, '6' ],  [ 10, 5, '6' ],
  [ 11, 5, '6' ], [ 12, 5, '6' ],
  [ 13, 5, '6' ], [ 14, 5, '6' ]
]
[2019-12-27T19:52:46.489] [INFO] channel - revised transactions:  [
  [ 12, 0, '6' ], [ 13, 0, '6' ],
  [ 3, 0, '6' ],  [ 0, 5, '30' ],
  [ 9, 0, '6' ],  [ 1, 5, '12' ],
  [ 7, 1, '6' ],  [ 2, 5, '18' ],
  [ 6, 2, '6' ],  [ 8, 2, '6' ],
  [ 4, 5, '6' ],  [ 10, 5, '6' ],
  [ 11, 5, '6' ], [ 14, 5, '6' ]
]
