[2019-12-27T19:52:35.292] [INFO] gas - openChannel gasUsed:  84961
[2019-12-27T19:52:35.364] [INFO] gas - alice deposit gasUsed:  67537
[2019-12-27T19:52:35.467] [INFO] gas - bob deposit gasUsed:  169699
[2019-12-27T19:52:35.524] [INFO] gas - openChannel gasUsed:  54961
[2019-12-27T19:52:35.636] [INFO] gas - alice deposit gasUsed:  52537
[2019-12-27T19:52:35.750] [INFO] gas - bob deposit gasUsed:  154699
[2019-12-27T19:52:35.806] [INFO] gas - openChannel gasUsed:  54961
[2019-12-27T19:52:35.850] [INFO] gas - alice deposit gasUsed:  52537
[2019-12-27T19:52:35.929] [INFO] gas - bob deposit gasUsed:  154699
[2019-12-27T19:52:35.989] [INFO] gas - openChannel gasUsed:  54961
[2019-12-27T19:52:36.029] [INFO] gas - alice deposit gasUsed:  52537
[2019-12-27T19:52:36.151] [INFO] gas - bob deposit gasUsed:  154699
[2019-12-27T19:52:36.230] [INFO] gas - openChannel gasUsed:  54961
[2019-12-27T19:52:36.281] [INFO] gas - alice deposit gasUsed:  52537
[2019-12-27T19:52:36.357] [INFO] gas - bob deposit gasUsed:  154699
[2019-12-27T19:52:36.419] [INFO] gas - openChannel gasUsed:  54961
[2019-12-27T19:52:36.468] [INFO] gas - alice deposit gasUsed:  52537
[2019-12-27T19:52:36.544] [INFO] gas - bob deposit gasUsed:  154699
[2019-12-27T19:52:36.598] [INFO] gas - openChannel gasUsed:  54961
[2019-12-27T19:52:36.638] [INFO] gas - alice deposit gasUsed:  52537
[2019-12-27T19:52:36.714] [INFO] gas - bob deposit gasUsed:  154699
[2019-12-27T19:52:36.757] [INFO] gas - openChannel gasUsed:  54961
[2019-12-27T19:52:36.800] [INFO] gas - alice deposit gasUsed:  52537
[2019-12-27T19:52:36.872] [INFO] gas - bob deposit gasUsed:  154699
[2019-12-27T19:52:36.927] [INFO] gas - openChannel gasUsed:  54961
[2019-12-27T19:52:36.968] [INFO] gas - alice deposit gasUsed:  52537
[2019-12-27T19:52:37.031] [INFO] gas - bob deposit gasUsed:  154699
[2019-12-27T19:52:37.095] [INFO] gas - openChannel gasUsed:  54961
[2019-12-27T19:52:37.129] [INFO] gas - alice deposit gasUsed:  52537
[2019-12-27T19:52:37.178] [INFO] gas - bob deposit gasUsed:  154699
[2019-12-27T19:52:37.213] [INFO] gas - openChannel gasUsed:  54961
[2019-12-27T19:52:37.245] [INFO] gas - alice deposit gasUsed:  52537
[2019-12-27T19:52:37.306] [INFO] gas - bob deposit gasUsed:  154699
[2019-12-27T19:52:37.341] [INFO] gas - openChannel gasUsed:  54961
[2019-12-27T19:52:37.381] [INFO] gas - alice deposit gasUsed:  52537
[2019-12-27T19:52:37.436] [INFO] gas - bob deposit gasUsed:  154699
[2019-12-27T19:52:37.476] [INFO] gas - openChannel gasUsed:  54961
[2019-12-27T19:52:37.510] [INFO] gas - alice deposit gasUsed:  52537
[2019-12-27T19:52:37.563] [INFO] gas - bob deposit gasUsed:  154699
[2019-12-27T19:52:37.602] [INFO] gas - openChannel gasUsed:  54961
[2019-12-27T19:52:37.634] [INFO] gas - alice deposit gasUsed:  52537
[2019-12-27T19:52:37.687] [INFO] gas - bob deposit gasUsed:  154699
[2019-12-27T19:52:37.721] [INFO] gas - openChannel gasUsed:  54961
[2019-12-27T19:52:37.755] [INFO] gas - alice deposit gasUsed:  52537
[2019-12-27T19:52:37.803] [INFO] gas - bob deposit gasUsed:  154699
[2019-12-27T19:52:37.841] [INFO] gas - openChannel gasUsed:  54961
[2019-12-27T19:52:37.872] [INFO] gas - alice deposit gasUsed:  52537
[2019-12-27T19:52:37.928] [INFO] gas - bob deposit gasUsed:  154699
[2019-12-27T19:52:37.970] [INFO] gas - openChannel gasUsed:  54961
[2019-12-27T19:52:38.003] [INFO] gas - alice deposit gasUsed:  52537
[2019-12-27T19:52:38.051] [INFO] gas - bob deposit gasUsed:  154699
[2019-12-27T19:52:38.091] [INFO] gas - openChannel gasUsed:  54961
[2019-12-27T19:52:38.124] [INFO] gas - alice deposit gasUsed:  52537
[2019-12-27T19:52:38.171] [INFO] gas - bob deposit gasUsed:  154699
[2019-12-27T19:52:38.207] [INFO] gas - openChannel gasUsed:  54961
[2019-12-27T19:52:38.239] [INFO] gas - alice deposit gasUsed:  52537
[2019-12-27T19:52:38.289] [INFO] gas - bob deposit gasUsed:  154699
[2019-12-27T19:52:38.340] [INFO] gas - openChannel gasUsed:  54961
[2019-12-27T19:52:38.370] [INFO] gas - alice deposit gasUsed:  52537
[2019-12-27T19:52:38.427] [INFO] gas - bob deposit gasUsed:  154699
[2019-12-27T19:52:38.464] [INFO] gas - openChannel gasUsed:  54961
[2019-12-27T19:52:38.495] [INFO] gas - alice deposit gasUsed:  52537
[2019-12-27T19:52:38.544] [INFO] gas - bob deposit gasUsed:  154699
[2019-12-27T19:52:38.583] [INFO] gas - openChannel gasUsed:  54961
[2019-12-27T19:52:38.614] [INFO] gas - alice deposit gasUsed:  52537
[2019-12-27T19:52:38.657] [INFO] gas - bob deposit gasUsed:  154699
[2019-12-27T19:52:38.709] [INFO] gas - openChannel gasUsed:  54961
[2019-12-27T19:52:38.742] [INFO] gas - alice deposit gasUsed:  52537
[2019-12-27T19:52:38.813] [INFO] gas - bob deposit gasUsed:  154699
[2019-12-27T19:52:38.880] [INFO] gas - openChannel gasUsed:  54961
[2019-12-27T19:52:38.913] [INFO] gas - alice deposit gasUsed:  52537
[2019-12-27T19:52:38.963] [INFO] gas - bob deposit gasUsed:  154699
[2019-12-27T19:52:39.005] [INFO] gas - openChannel gasUsed:  54961
[2019-12-27T19:52:39.035] [INFO] gas - alice deposit gasUsed:  52537
[2019-12-27T19:52:39.088] [INFO] gas - bob deposit gasUsed:  154699
[2019-12-27T19:52:39.123] [INFO] gas - openChannel gasUsed:  54961
[2019-12-27T19:52:39.153] [INFO] gas - alice deposit gasUsed:  52537
[2019-12-27T19:52:39.204] [INFO] gas - bob deposit gasUsed:  154699
[2019-12-27T19:52:39.237] [INFO] gas - openChannel gasUsed:  54961
[2019-12-27T19:52:39.267] [INFO] gas - alice deposit gasUsed:  52537
[2019-12-27T19:52:39.312] [INFO] gas - bob deposit gasUsed:  154699
[2019-12-27T19:52:39.348] [INFO] gas - openChannel gasUsed:  54961
[2019-12-27T19:52:39.378] [INFO] gas - alice deposit gasUsed:  52537
[2019-12-27T19:52:39.421] [INFO] gas - bob deposit gasUsed:  154699
[2019-12-27T19:52:39.458] [INFO] gas - openChannel gasUsed:  54961
[2019-12-27T19:52:39.501] [INFO] gas - alice deposit gasUsed:  52537
[2019-12-27T19:52:39.553] [INFO] gas - bob deposit gasUsed:  154699
[2019-12-27T19:52:39.613] [INFO] gas - openChannel gasUsed:  54961
[2019-12-27T19:52:39.643] [INFO] gas - alice deposit gasUsed:  52537
[2019-12-27T19:52:39.690] [INFO] gas - bob deposit gasUsed:  154699
[2019-12-27T19:52:39.724] [INFO] gas - openChannel gasUsed:  54961
[2019-12-27T19:52:39.754] [INFO] gas - alice deposit gasUsed:  52537
[2019-12-27T19:52:39.805] [INFO] gas - bob deposit gasUsed:  154699
[2019-12-27T19:52:39.839] [INFO] gas - openChannel gasUsed:  54961
[2019-12-27T19:52:39.872] [INFO] gas - alice deposit gasUsed:  52537
[2019-12-27T19:52:39.920] [INFO] gas - bob deposit gasUsed:  154699
[2019-12-27T19:52:39.955] [INFO] gas - openChannel gasUsed:  54961
[2019-12-27T19:52:39.984] [INFO] gas - alice deposit gasUsed:  52537
[2019-12-27T19:52:40.032] [INFO] gas - bob deposit gasUsed:  154699
[2019-12-27T19:52:40.070] [INFO] gas - openChannel gasUsed:  54961
[2019-12-27T19:52:40.099] [INFO] gas - alice deposit gasUsed:  52537
[2019-12-27T19:52:40.152] [INFO] gas - bob deposit gasUsed:  154699
[2019-12-27T19:52:40.195] [INFO] gas - openChannel gasUsed:  54961
[2019-12-27T19:52:40.227] [INFO] gas - alice deposit gasUsed:  52537
[2019-12-27T19:52:40.271] [INFO] gas - bob deposit gasUsed:  154699
[2019-12-27T19:52:40.314] [INFO] gas - openChannel gasUsed:  54961
[2019-12-27T19:52:40.346] [INFO] gas - alice deposit gasUsed:  52537
[2019-12-27T19:52:40.397] [INFO] gas - bob deposit gasUsed:  154699
[2019-12-27T19:52:40.437] [INFO] gas - openChannel gasUsed:  54961
[2019-12-27T19:52:40.469] [INFO] gas - alice deposit gasUsed:  52537
[2019-12-27T19:52:40.513] [INFO] gas - bob deposit gasUsed:  154699
[2019-12-27T19:52:40.556] [INFO] gas - openChannel gasUsed:  54961
[2019-12-27T19:52:40.589] [INFO] gas - alice deposit gasUsed:  52537
[2019-12-27T19:52:40.630] [INFO] gas - bob deposit gasUsed:  154699
[2019-12-27T19:52:40.672] [INFO] gas - openChannel gasUsed:  54961
[2019-12-27T19:52:40.700] [INFO] gas - alice deposit gasUsed:  52537
[2019-12-27T19:52:40.749] [INFO] gas - bob deposit gasUsed:  154699
[2019-12-27T19:52:40.795] [INFO] gas - openChannel gasUsed:  54961
[2019-12-27T19:52:40.824] [INFO] gas - alice deposit gasUsed:  52537
[2019-12-27T19:52:40.872] [INFO] gas - bob deposit gasUsed:  154699
[2019-12-27T19:52:40.912] [INFO] gas - openChannel gasUsed:  54961
[2019-12-27T19:52:40.941] [INFO] gas - alice deposit gasUsed:  52537
[2019-12-27T19:52:40.984] [INFO] gas - bob deposit gasUsed:  154699
[2019-12-27T19:52:41.018] [INFO] gas - openChannel gasUsed:  54961
[2019-12-27T19:52:41.047] [INFO] gas - alice deposit gasUsed:  52537
[2019-12-27T19:52:41.093] [INFO] gas - bob deposit gasUsed:  154699
[2019-12-27T19:52:41.130] [INFO] gas - openChannel gasUsed:  54961
[2019-12-27T19:52:41.159] [INFO] gas - alice deposit gasUsed:  52537
[2019-12-27T19:52:41.203] [INFO] gas - bob deposit gasUsed:  154699
[2019-12-27T19:52:41.236] [INFO] gas - openChannel gasUsed:  54961
[2019-12-27T19:52:41.270] [INFO] gas - alice deposit gasUsed:  52537
[2019-12-27T19:52:41.312] [INFO] gas - bob deposit gasUsed:  154699
[2019-12-27T19:52:41.353] [INFO] gas - openChannel gasUsed:  54961
[2019-12-27T19:52:41.384] [INFO] gas - alice deposit gasUsed:  52537
[2019-12-27T19:52:41.437] [INFO] gas - bob deposit gasUsed:  154699
[2019-12-27T19:52:41.472] [INFO] gas - openChannel gasUsed:  54961
[2019-12-27T19:52:41.500] [INFO] gas - alice deposit gasUsed:  52537
[2019-12-27T19:52:41.544] [INFO] gas - bob deposit gasUsed:  154699
[2019-12-27T19:52:42.055] [INFO] gas - createMPC gasUsed:  1835981
[2019-12-27T19:52:42.585] [INFO] gas - updateMPC gasUsed:  1082933
[2019-12-27T19:52:43.074] [INFO] gas - updateMPC gasUsed:  1022319
[2019-12-27T19:52:43.560] [INFO] gas - updateMPC gasUsed:  948643
[2019-12-27T19:52:44.049] [INFO] gas - updateMPC gasUsed:  873919
[2019-12-27T19:52:44.553] [INFO] gas - updateMPC gasUsed:  918603
[2019-12-27T19:52:45.039] [INFO] gas - updateMPC gasUsed:  962937
[2019-12-27T19:52:45.532] [INFO] gas - updateMPC gasUsed:  871643
[2019-12-27T19:52:46.022] [INFO] gas - updateMPC gasUsed:  889101
[2019-12-27T19:52:46.487] [INFO] gas - updateMPC gasUsed:  917623
[2019-12-27T19:52:46.940] [INFO] gas - updateMPC gasUsed:  873035
