[2019-12-27T17:08:51.343] [INFO] gas - openChannel gasUsed:  84961
[2019-12-27T17:08:51.397] [INFO] gas - alice deposit gasUsed:  67537
[2019-12-27T17:08:51.487] [INFO] gas - bob deposit gasUsed:  169699
[2019-12-27T17:08:51.542] [INFO] gas - openChannel gasUsed:  54961
[2019-12-27T17:08:51.594] [INFO] gas - alice deposit gasUsed:  52537
[2019-12-27T17:08:51.791] [INFO] gas - bob deposit gasUsed:  154699
[2019-12-27T17:08:51.847] [INFO] gas - openChannel gasUsed:  54961
[2019-12-27T17:08:51.888] [INFO] gas - alice deposit gasUsed:  52537
[2019-12-27T17:08:51.961] [INFO] gas - bob deposit gasUsed:  154699
[2019-12-27T17:08:52.015] [INFO] gas - openChannel gasUsed:  54961
[2019-12-27T17:08:52.055] [INFO] gas - alice deposit gasUsed:  52537
[2019-12-27T17:08:52.155] [INFO] gas - bob deposit gasUsed:  154699
[2019-12-27T17:08:52.216] [INFO] gas - openChannel gasUsed:  54961
[2019-12-27T17:08:52.255] [INFO] gas - alice deposit gasUsed:  52537
[2019-12-27T17:08:52.323] [INFO] gas - bob deposit gasUsed:  154699
[2019-12-27T17:08:52.378] [INFO] gas - openChannel gasUsed:  54961
[2019-12-27T17:08:52.422] [INFO] gas - alice deposit gasUsed:  52537
[2019-12-27T17:08:52.499] [INFO] gas - bob deposit gasUsed:  154699
[2019-12-27T17:08:52.548] [INFO] gas - openChannel gasUsed:  54961
[2019-12-27T17:08:52.592] [INFO] gas - alice deposit gasUsed:  52537
[2019-12-27T17:08:52.672] [INFO] gas - bob deposit gasUsed:  154699
[2019-12-27T17:08:52.716] [INFO] gas - openChannel gasUsed:  54961
[2019-12-27T17:08:52.756] [INFO] gas - alice deposit gasUsed:  52537
[2019-12-27T17:08:52.827] [INFO] gas - bob deposit gasUsed:  154699
[2019-12-27T17:08:52.874] [INFO] gas - openChannel gasUsed:  54961
[2019-12-27T17:08:52.917] [INFO] gas - alice deposit gasUsed:  52537
[2019-12-27T17:08:52.982] [INFO] gas - bob deposit gasUsed:  154699
[2019-12-27T17:08:53.023] [INFO] gas - openChannel gasUsed:  54961
[2019-12-27T17:08:53.055] [INFO] gas - alice deposit gasUsed:  52537
[2019-12-27T17:08:53.103] [INFO] gas - bob deposit gasUsed:  154699
[2019-12-27T17:08:53.138] [INFO] gas - openChannel gasUsed:  54961
[2019-12-27T17:08:53.169] [INFO] gas - alice deposit gasUsed:  52537
[2019-12-27T17:08:53.230] [INFO] gas - bob deposit gasUsed:  154699
[2019-12-27T17:08:53.268] [INFO] gas - openChannel gasUsed:  54961
[2019-12-27T17:08:53.300] [INFO] gas - alice deposit gasUsed:  52537
[2019-12-27T17:08:53.344] [INFO] gas - bob deposit gasUsed:  154699
[2019-12-27T17:08:53.379] [INFO] gas - openChannel gasUsed:  54961
[2019-12-27T17:08:53.412] [INFO] gas - alice deposit gasUsed:  52537
[2019-12-27T17:08:53.459] [INFO] gas - bob deposit gasUsed:  154699
[2019-12-27T17:08:53.497] [INFO] gas - openChannel gasUsed:  54897
[2019-12-27T17:08:53.529] [INFO] gas - alice deposit gasUsed:  52473
[2019-12-27T17:08:53.573] [INFO] gas - bob deposit gasUsed:  154635
[2019-12-27T17:08:53.606] [INFO] gas - openChannel gasUsed:  54961
[2019-12-27T17:08:53.639] [INFO] gas - alice deposit gasUsed:  52537
[2019-12-27T17:08:53.686] [INFO] gas - bob deposit gasUsed:  154699
[2019-12-27T17:08:53.727] [INFO] gas - openChannel gasUsed:  54961
[2019-12-27T17:08:53.758] [INFO] gas - alice deposit gasUsed:  52537
[2019-12-27T17:08:53.811] [INFO] gas - bob deposit gasUsed:  154699
[2019-12-27T17:08:53.847] [INFO] gas - openChannel gasUsed:  54961
[2019-12-27T17:08:53.883] [INFO] gas - alice deposit gasUsed:  52537
[2019-12-27T17:08:53.933] [INFO] gas - bob deposit gasUsed:  154699
[2019-12-27T17:08:53.973] [INFO] gas - openChannel gasUsed:  54961
[2019-12-27T17:08:54.006] [INFO] gas - alice deposit gasUsed:  52537
[2019-12-27T17:08:54.049] [INFO] gas - bob deposit gasUsed:  154699
[2019-12-27T17:08:54.089] [INFO] gas - openChannel gasUsed:  54961
[2019-12-27T17:08:54.121] [INFO] gas - alice deposit gasUsed:  52537
[2019-12-27T17:08:54.173] [INFO] gas - bob deposit gasUsed:  154699
[2019-12-27T17:08:54.209] [INFO] gas - openChannel gasUsed:  54961
[2019-12-27T17:08:54.242] [INFO] gas - alice deposit gasUsed:  52537
[2019-12-27T17:08:54.290] [INFO] gas - bob deposit gasUsed:  154699
[2019-12-27T17:08:54.326] [INFO] gas - openChannel gasUsed:  54961
[2019-12-27T17:08:54.359] [INFO] gas - alice deposit gasUsed:  52537
[2019-12-27T17:08:54.410] [INFO] gas - bob deposit gasUsed:  154699
[2019-12-27T17:08:54.447] [INFO] gas - openChannel gasUsed:  54961
[2019-12-27T17:08:54.480] [INFO] gas - alice deposit gasUsed:  52537
[2019-12-27T17:08:54.529] [INFO] gas - bob deposit gasUsed:  154699
[2019-12-27T17:08:54.564] [INFO] gas - openChannel gasUsed:  54961
[2019-12-27T17:08:54.597] [INFO] gas - alice deposit gasUsed:  52537
[2019-12-27T17:08:54.647] [INFO] gas - bob deposit gasUsed:  154699
[2019-12-27T17:08:54.679] [INFO] gas - openChannel gasUsed:  54897
[2019-12-27T17:08:54.710] [INFO] gas - alice deposit gasUsed:  52473
[2019-12-27T17:08:54.755] [INFO] gas - bob deposit gasUsed:  154635
[2019-12-27T17:08:54.795] [INFO] gas - openChannel gasUsed:  54961
[2019-12-27T17:08:54.825] [INFO] gas - alice deposit gasUsed:  52537
[2019-12-27T17:08:54.880] [INFO] gas - bob deposit gasUsed:  154699
[2019-12-27T17:08:54.916] [INFO] gas - openChannel gasUsed:  54961
[2019-12-27T17:08:54.948] [INFO] gas - alice deposit gasUsed:  52537
[2019-12-27T17:08:55.002] [INFO] gas - bob deposit gasUsed:  154699
[2019-12-27T17:08:55.038] [INFO] gas - openChannel gasUsed:  54961
[2019-12-27T17:08:55.070] [INFO] gas - alice deposit gasUsed:  52537
[2019-12-27T17:08:55.117] [INFO] gas - bob deposit gasUsed:  154699
[2019-12-27T17:08:55.152] [INFO] gas - openChannel gasUsed:  54961
[2019-12-27T17:08:55.183] [INFO] gas - alice deposit gasUsed:  52537
[2019-12-27T17:08:55.229] [INFO] gas - bob deposit gasUsed:  154699
[2019-12-27T17:08:55.266] [INFO] gas - openChannel gasUsed:  54961
[2019-12-27T17:08:55.299] [INFO] gas - alice deposit gasUsed:  52537
[2019-12-27T17:08:55.344] [INFO] gas - bob deposit gasUsed:  154699
[2019-12-27T17:08:55.378] [INFO] gas - openChannel gasUsed:  54961
[2019-12-27T17:08:55.409] [INFO] gas - alice deposit gasUsed:  52537
[2019-12-27T17:08:55.451] [INFO] gas - bob deposit gasUsed:  154699
[2019-12-27T17:08:55.487] [INFO] gas - openChannel gasUsed:  54961
[2019-12-27T17:08:55.517] [INFO] gas - alice deposit gasUsed:  52537
[2019-12-27T17:08:55.562] [INFO] gas - bob deposit gasUsed:  154699
[2019-12-27T17:08:55.597] [INFO] gas - openChannel gasUsed:  54961
[2019-12-27T17:08:55.629] [INFO] gas - alice deposit gasUsed:  52537
[2019-12-27T17:08:55.685] [INFO] gas - bob deposit gasUsed:  154699
[2019-12-27T17:08:55.720] [INFO] gas - openChannel gasUsed:  54961
[2019-12-27T17:08:55.749] [INFO] gas - alice deposit gasUsed:  52537
[2019-12-27T17:08:55.795] [INFO] gas - bob deposit gasUsed:  154699
[2019-12-27T17:08:55.830] [INFO] gas - openChannel gasUsed:  54961
[2019-12-27T17:08:55.860] [INFO] gas - alice deposit gasUsed:  52537
[2019-12-27T17:08:55.910] [INFO] gas - bob deposit gasUsed:  154699
[2019-12-27T17:08:55.942] [INFO] gas - openChannel gasUsed:  54961
[2019-12-27T17:08:55.975] [INFO] gas - alice deposit gasUsed:  52537
[2019-12-27T17:08:56.016] [INFO] gas - bob deposit gasUsed:  154699
[2019-12-27T17:08:56.050] [INFO] gas - openChannel gasUsed:  54961
[2019-12-27T17:08:56.082] [INFO] gas - alice deposit gasUsed:  52537
[2019-12-27T17:08:56.128] [INFO] gas - bob deposit gasUsed:  154699
[2019-12-27T17:08:56.162] [INFO] gas - openChannel gasUsed:  54961
[2019-12-27T17:08:56.193] [INFO] gas - alice deposit gasUsed:  52537
[2019-12-27T17:08:56.238] [INFO] gas - bob deposit gasUsed:  154699
[2019-12-27T17:08:56.277] [INFO] gas - openChannel gasUsed:  54961
[2019-12-27T17:08:56.308] [INFO] gas - alice deposit gasUsed:  52537
[2019-12-27T17:08:56.351] [INFO] gas - bob deposit gasUsed:  154699
[2019-12-27T17:08:56.386] [INFO] gas - openChannel gasUsed:  54961
[2019-12-27T17:08:56.415] [INFO] gas - alice deposit gasUsed:  52537
[2019-12-27T17:08:56.471] [INFO] gas - bob deposit gasUsed:  154699
[2019-12-27T17:08:56.508] [INFO] gas - openChannel gasUsed:  54961
[2019-12-27T17:08:56.539] [INFO] gas - alice deposit gasUsed:  52537
[2019-12-27T17:08:56.593] [INFO] gas - bob deposit gasUsed:  154699
[2019-12-27T17:08:56.627] [INFO] gas - openChannel gasUsed:  54961
[2019-12-27T17:08:56.657] [INFO] gas - alice deposit gasUsed:  52537
[2019-12-27T17:08:56.704] [INFO] gas - bob deposit gasUsed:  154699
[2019-12-27T17:08:56.739] [INFO] gas - openChannel gasUsed:  54897
[2019-12-27T17:08:56.769] [INFO] gas - alice deposit gasUsed:  52473
[2019-12-27T17:08:56.819] [INFO] gas - bob deposit gasUsed:  154635
[2019-12-27T17:08:56.856] [INFO] gas - openChannel gasUsed:  54961
[2019-12-27T17:08:56.886] [INFO] gas - alice deposit gasUsed:  52537
[2019-12-27T17:08:56.931] [INFO] gas - bob deposit gasUsed:  154699
[2019-12-27T17:08:56.969] [INFO] gas - openChannel gasUsed:  54961
[2019-12-27T17:08:57.002] [INFO] gas - alice deposit gasUsed:  52537
[2019-12-27T17:08:57.047] [INFO] gas - bob deposit gasUsed:  154699
[2019-12-27T17:08:57.084] [INFO] gas - openChannel gasUsed:  54961
[2019-12-27T17:08:57.115] [INFO] gas - alice deposit gasUsed:  52537
[2019-12-27T17:08:57.161] [INFO] gas - bob deposit gasUsed:  154699
[2019-12-27T17:08:57.198] [INFO] gas - openChannel gasUsed:  54897
[2019-12-27T17:08:57.228] [INFO] gas - alice deposit gasUsed:  52473
[2019-12-27T17:08:57.269] [INFO] gas - bob deposit gasUsed:  154635
[2019-12-27T17:08:57.303] [INFO] gas - openChannel gasUsed:  54961
[2019-12-27T17:08:57.336] [INFO] gas - alice deposit gasUsed:  52537
[2019-12-27T17:08:57.382] [INFO] gas - bob deposit gasUsed:  154699
[2019-12-27T17:08:57.415] [INFO] gas - openChannel gasUsed:  54961
[2019-12-27T17:08:57.444] [INFO] gas - alice deposit gasUsed:  52537
[2019-12-27T17:08:57.489] [INFO] gas - bob deposit gasUsed:  154699
[2019-12-27T17:08:57.533] [INFO] gas - openChannel gasUsed:  54961
[2019-12-27T17:08:57.582] [INFO] gas - alice deposit gasUsed:  52537
[2019-12-27T17:08:57.675] [INFO] gas - bob deposit gasUsed:  154699
[2019-12-27T17:08:57.706] [INFO] gas - openChannel gasUsed:  54961
[2019-12-27T17:08:57.735] [INFO] gas - alice deposit gasUsed:  52537
[2019-12-27T17:08:57.779] [INFO] gas - bob deposit gasUsed:  154699
[2019-12-27T17:08:57.809] [INFO] gas - openChannel gasUsed:  54961
[2019-12-27T17:08:57.840] [INFO] gas - alice deposit gasUsed:  52537
[2019-12-27T17:08:57.881] [INFO] gas - bob deposit gasUsed:  154699
[2019-12-27T17:08:57.912] [INFO] gas - openChannel gasUsed:  54961
[2019-12-27T17:08:57.942] [INFO] gas - alice deposit gasUsed:  52537
[2019-12-27T17:08:57.991] [INFO] gas - bob deposit gasUsed:  154699
[2019-12-27T17:08:58.023] [INFO] gas - openChannel gasUsed:  54961
[2019-12-27T17:08:58.053] [INFO] gas - alice deposit gasUsed:  52537
[2019-12-27T17:08:58.097] [INFO] gas - bob deposit gasUsed:  154699
[2019-12-27T17:08:58.130] [INFO] gas - openChannel gasUsed:  54961
[2019-12-27T17:08:58.161] [INFO] gas - alice deposit gasUsed:  52537
[2019-12-27T17:08:58.204] [INFO] gas - bob deposit gasUsed:  154699
[2019-12-27T17:08:58.239] [INFO] gas - openChannel gasUsed:  54961
[2019-12-27T17:08:58.280] [INFO] gas - alice deposit gasUsed:  52537
[2019-12-27T17:08:58.374] [INFO] gas - bob deposit gasUsed:  154699
[2019-12-27T17:08:58.416] [INFO] gas - openChannel gasUsed:  54897
[2019-12-27T17:08:58.446] [INFO] gas - alice deposit gasUsed:  52473
[2019-12-27T17:08:58.491] [INFO] gas - bob deposit gasUsed:  154635
[2019-12-27T17:08:58.528] [INFO] gas - openChannel gasUsed:  54961
[2019-12-27T17:08:58.562] [INFO] gas - alice deposit gasUsed:  52537
[2019-12-27T17:08:58.605] [INFO] gas - bob deposit gasUsed:  154699
[2019-12-27T17:08:58.641] [INFO] gas - openChannel gasUsed:  54961
[2019-12-27T17:08:58.671] [INFO] gas - alice deposit gasUsed:  52537
[2019-12-27T17:08:58.715] [INFO] gas - bob deposit gasUsed:  154699
[2019-12-27T17:08:58.746] [INFO] gas - openChannel gasUsed:  54961
[2019-12-27T17:08:58.778] [INFO] gas - alice deposit gasUsed:  52537
[2019-12-27T17:08:58.817] [INFO] gas - bob deposit gasUsed:  154699
[2019-12-27T17:08:58.848] [INFO] gas - openChannel gasUsed:  54961
[2019-12-27T17:08:58.879] [INFO] gas - alice deposit gasUsed:  52537
[2019-12-27T17:08:58.921] [INFO] gas - bob deposit gasUsed:  154699
[2019-12-27T17:08:58.955] [INFO] gas - openChannel gasUsed:  54961
[2019-12-27T17:08:59.008] [INFO] gas - alice deposit gasUsed:  52537
[2019-12-27T17:08:59.118] [INFO] gas - bob deposit gasUsed:  154699
[2019-12-27T17:08:59.148] [INFO] gas - openChannel gasUsed:  54961
[2019-12-27T17:08:59.177] [INFO] gas - alice deposit gasUsed:  52537
[2019-12-27T17:08:59.217] [INFO] gas - bob deposit gasUsed:  154699
[2019-12-27T17:08:59.248] [INFO] gas - openChannel gasUsed:  54961
[2019-12-27T17:08:59.277] [INFO] gas - alice deposit gasUsed:  52537
[2019-12-27T17:08:59.322] [INFO] gas - bob deposit gasUsed:  154699
[2019-12-27T17:08:59.357] [INFO] gas - openChannel gasUsed:  54961
[2019-12-27T17:08:59.386] [INFO] gas - alice deposit gasUsed:  52537
[2019-12-27T17:08:59.430] [INFO] gas - bob deposit gasUsed:  154699
[2019-12-27T17:08:59.466] [INFO] gas - openChannel gasUsed:  54897
[2019-12-27T17:08:59.497] [INFO] gas - alice deposit gasUsed:  52473
[2019-12-27T17:08:59.540] [INFO] gas - bob deposit gasUsed:  154635
[2019-12-27T17:08:59.573] [INFO] gas - openChannel gasUsed:  54961
[2019-12-27T17:08:59.603] [INFO] gas - alice deposit gasUsed:  52537
[2019-12-27T17:08:59.650] [INFO] gas - bob deposit gasUsed:  154699
[2019-12-27T17:08:59.685] [INFO] gas - openChannel gasUsed:  54961
[2019-12-27T17:08:59.714] [INFO] gas - alice deposit gasUsed:  52537
[2019-12-27T17:08:59.756] [INFO] gas - bob deposit gasUsed:  154699
[2019-12-27T17:08:59.789] [INFO] gas - openChannel gasUsed:  54961
[2019-12-27T17:08:59.818] [INFO] gas - alice deposit gasUsed:  52537
[2019-12-27T17:08:59.861] [INFO] gas - bob deposit gasUsed:  154699
[2019-12-27T17:08:59.893] [INFO] gas - openChannel gasUsed:  54961
[2019-12-27T17:08:59.923] [INFO] gas - alice deposit gasUsed:  52537
[2019-12-27T17:08:59.966] [INFO] gas - bob deposit gasUsed:  154699
[2019-12-27T17:08:59.997] [INFO] gas - openChannel gasUsed:  54961
[2019-12-27T17:09:00.024] [INFO] gas - alice deposit gasUsed:  52537
[2019-12-27T17:09:00.066] [INFO] gas - bob deposit gasUsed:  154699
[2019-12-27T17:09:00.097] [INFO] gas - openChannel gasUsed:  54961
[2019-12-27T17:09:00.127] [INFO] gas - alice deposit gasUsed:  52537
[2019-12-27T17:09:00.169] [INFO] gas - bob deposit gasUsed:  154699
[2019-12-27T17:09:00.204] [INFO] gas - openChannel gasUsed:  54961
[2019-12-27T17:09:00.234] [INFO] gas - alice deposit gasUsed:  52537
[2019-12-27T17:09:00.276] [INFO] gas - bob deposit gasUsed:  154699
[2019-12-27T17:09:00.311] [INFO] gas - openChannel gasUsed:  54961
[2019-12-27T17:09:00.336] [INFO] gas - alice deposit gasUsed:  52537
[2019-12-27T17:09:00.379] [INFO] gas - bob deposit gasUsed:  154699
[2019-12-27T17:09:00.409] [INFO] gas - openChannel gasUsed:  54961
[2019-12-27T17:09:00.439] [INFO] gas - alice deposit gasUsed:  52537
[2019-12-27T17:09:00.486] [INFO] gas - bob deposit gasUsed:  154699
[2019-12-27T17:09:00.533] [INFO] gas - openChannel gasUsed:  54961
[2019-12-27T17:09:00.569] [INFO] gas - alice deposit gasUsed:  52537
[2019-12-27T17:09:00.608] [INFO] gas - bob deposit gasUsed:  154699
[2019-12-27T17:09:00.639] [INFO] gas - openChannel gasUsed:  54961
[2019-12-27T17:09:00.665] [INFO] gas - alice deposit gasUsed:  52537
[2019-12-27T17:09:00.708] [INFO] gas - bob deposit gasUsed:  154699
[2019-12-27T17:09:00.739] [INFO] gas - openChannel gasUsed:  54961
[2019-12-27T17:09:00.769] [INFO] gas - alice deposit gasUsed:  52537
[2019-12-27T17:09:00.810] [INFO] gas - bob deposit gasUsed:  154699
[2019-12-27T17:09:00.842] [INFO] gas - openChannel gasUsed:  54961
[2019-12-27T17:09:00.873] [INFO] gas - alice deposit gasUsed:  52537
[2019-12-27T17:09:00.917] [INFO] gas - bob deposit gasUsed:  154699
[2019-12-27T17:09:00.950] [INFO] gas - openChannel gasUsed:  54961
[2019-12-27T17:09:00.979] [INFO] gas - alice deposit gasUsed:  52537
[2019-12-27T17:09:01.026] [INFO] gas - bob deposit gasUsed:  154699
[2019-12-27T17:09:01.059] [INFO] gas - openChannel gasUsed:  54961
[2019-12-27T17:09:01.090] [INFO] gas - alice deposit gasUsed:  52537
[2019-12-27T17:09:01.133] [INFO] gas - bob deposit gasUsed:  154699
[2019-12-27T17:09:01.166] [INFO] gas - openChannel gasUsed:  54961
[2019-12-27T17:09:01.197] [INFO] gas - alice deposit gasUsed:  52537
[2019-12-27T17:09:01.239] [INFO] gas - bob deposit gasUsed:  154699
[2019-12-27T17:09:01.274] [INFO] gas - openChannel gasUsed:  54897
[2019-12-27T17:09:01.301] [INFO] gas - alice deposit gasUsed:  52473
[2019-12-27T17:09:01.347] [INFO] gas - bob deposit gasUsed:  154635
[2019-12-27T17:09:01.379] [INFO] gas - openChannel gasUsed:  54961
[2019-12-27T17:09:01.410] [INFO] gas - alice deposit gasUsed:  52537
[2019-12-27T17:09:01.451] [INFO] gas - bob deposit gasUsed:  154699
[2019-12-27T17:09:01.487] [INFO] gas - openChannel gasUsed:  54961
[2019-12-27T17:09:01.517] [INFO] gas - alice deposit gasUsed:  52537
[2019-12-27T17:09:01.561] [INFO] gas - bob deposit gasUsed:  154699
[2019-12-27T17:09:01.596] [INFO] gas - openChannel gasUsed:  54961
[2019-12-27T17:09:01.625] [INFO] gas - alice deposit gasUsed:  52537
[2019-12-27T17:09:01.669] [INFO] gas - bob deposit gasUsed:  154699
[2019-12-27T17:09:01.701] [INFO] gas - openChannel gasUsed:  54897
[2019-12-27T17:09:01.732] [INFO] gas - alice deposit gasUsed:  52473
[2019-12-27T17:09:01.772] [INFO] gas - bob deposit gasUsed:  154635
[2019-12-27T17:09:01.806] [INFO] gas - openChannel gasUsed:  54961
[2019-12-27T17:09:01.835] [INFO] gas - alice deposit gasUsed:  52537
[2019-12-27T17:09:01.878] [INFO] gas - bob deposit gasUsed:  154699
[2019-12-27T17:09:01.916] [INFO] gas - openChannel gasUsed:  54961
[2019-12-27T17:09:01.945] [INFO] gas - alice deposit gasUsed:  52537
[2019-12-27T17:09:01.990] [INFO] gas - bob deposit gasUsed:  154699
[2019-12-27T17:09:02.031] [INFO] gas - openChannel gasUsed:  54961
[2019-12-27T17:09:02.060] [INFO] gas - alice deposit gasUsed:  52537
[2019-12-27T17:09:02.107] [INFO] gas - bob deposit gasUsed:  154699
[2019-12-27T17:09:02.140] [INFO] gas - openChannel gasUsed:  54961
[2019-12-27T17:09:02.170] [INFO] gas - alice deposit gasUsed:  52537
[2019-12-27T17:09:02.214] [INFO] gas - bob deposit gasUsed:  154699
[2019-12-27T17:09:02.245] [INFO] gas - openChannel gasUsed:  54897
[2019-12-27T17:09:02.274] [INFO] gas - alice deposit gasUsed:  52473
[2019-12-27T17:09:02.316] [INFO] gas - bob deposit gasUsed:  154635
[2019-12-27T17:09:02.346] [INFO] gas - openChannel gasUsed:  54961
[2019-12-27T17:09:02.375] [INFO] gas - alice deposit gasUsed:  52537
[2019-12-27T17:09:02.417] [INFO] gas - bob deposit gasUsed:  154699
[2019-12-27T17:09:02.449] [INFO] gas - openChannel gasUsed:  54961
[2019-12-27T17:09:02.481] [INFO] gas - alice deposit gasUsed:  52537
[2019-12-27T17:09:02.524] [INFO] gas - bob deposit gasUsed:  154699
[2019-12-27T17:09:02.561] [INFO] gas - openChannel gasUsed:  54961
[2019-12-27T17:09:02.590] [INFO] gas - alice deposit gasUsed:  52537
[2019-12-27T17:09:02.633] [INFO] gas - bob deposit gasUsed:  154699
[2019-12-27T17:09:02.666] [INFO] gas - openChannel gasUsed:  54961
[2019-12-27T17:09:02.697] [INFO] gas - alice deposit gasUsed:  52537
[2019-12-27T17:09:02.745] [INFO] gas - bob deposit gasUsed:  154699
[2019-12-27T17:09:02.778] [INFO] gas - openChannel gasUsed:  54897
[2019-12-27T17:09:02.807] [INFO] gas - alice deposit gasUsed:  52473
[2019-12-27T17:09:02.852] [INFO] gas - bob deposit gasUsed:  154635
[2019-12-27T17:09:02.884] [INFO] gas - openChannel gasUsed:  54961
[2019-12-27T17:09:02.913] [INFO] gas - alice deposit gasUsed:  52537
[2019-12-27T17:09:02.961] [INFO] gas - bob deposit gasUsed:  154699
[2019-12-27T17:09:02.995] [INFO] gas - openChannel gasUsed:  54961
[2019-12-27T17:09:03.027] [INFO] gas - alice deposit gasUsed:  52537
[2019-12-27T17:09:03.071] [INFO] gas - bob deposit gasUsed:  154699
[2019-12-27T17:09:03.102] [INFO] gas - openChannel gasUsed:  54961
[2019-12-27T17:09:03.131] [INFO] gas - alice deposit gasUsed:  52537
[2019-12-27T17:09:03.173] [INFO] gas - bob deposit gasUsed:  154699
[2019-12-27T17:09:03.210] [INFO] gas - openChannel gasUsed:  54961
[2019-12-27T17:09:03.238] [INFO] gas - alice deposit gasUsed:  52537
[2019-12-27T17:09:03.280] [INFO] gas - bob deposit gasUsed:  154699
[2019-12-27T17:09:03.312] [INFO] gas - openChannel gasUsed:  54961
[2019-12-27T17:09:03.342] [INFO] gas - alice deposit gasUsed:  52537
[2019-12-27T17:09:03.386] [INFO] gas - bob deposit gasUsed:  154699
[2019-12-27T17:09:03.416] [INFO] gas - openChannel gasUsed:  54961
[2019-12-27T17:09:03.446] [INFO] gas - alice deposit gasUsed:  52537
[2019-12-27T17:09:03.488] [INFO] gas - bob deposit gasUsed:  154699
[2019-12-27T17:09:03.524] [INFO] gas - openChannel gasUsed:  54961
[2019-12-27T17:09:03.552] [INFO] gas - alice deposit gasUsed:  52537
[2019-12-27T17:09:03.595] [INFO] gas - bob deposit gasUsed:  154699
[2019-12-27T17:09:03.628] [INFO] gas - openChannel gasUsed:  54961
[2019-12-27T17:09:03.653] [INFO] gas - alice deposit gasUsed:  52537
[2019-12-27T17:09:03.694] [INFO] gas - bob deposit gasUsed:  154699
[2019-12-27T17:09:03.727] [INFO] gas - openChannel gasUsed:  54961
[2019-12-27T17:09:03.757] [INFO] gas - alice deposit gasUsed:  52537
[2019-12-27T17:09:03.798] [INFO] gas - bob deposit gasUsed:  154699
[2019-12-27T17:09:03.833] [INFO] gas - openChannel gasUsed:  54897
[2019-12-27T17:09:03.862] [INFO] gas - alice deposit gasUsed:  52473
[2019-12-27T17:09:03.907] [INFO] gas - bob deposit gasUsed:  154635
[2019-12-27T17:09:03.940] [INFO] gas - openChannel gasUsed:  54961
[2019-12-27T17:09:03.972] [INFO] gas - alice deposit gasUsed:  52537
[2019-12-27T17:09:04.015] [INFO] gas - bob deposit gasUsed:  154699
[2019-12-27T17:09:04.048] [INFO] gas - openChannel gasUsed:  54961
[2019-12-27T17:09:04.078] [INFO] gas - alice deposit gasUsed:  52537
[2019-12-27T17:09:04.119] [INFO] gas - bob deposit gasUsed:  154699
[2019-12-27T17:09:04.153] [INFO] gas - openChannel gasUsed:  54961
[2019-12-27T17:09:04.182] [INFO] gas - alice deposit gasUsed:  52537
[2019-12-27T17:09:04.225] [INFO] gas - bob deposit gasUsed:  154699
[2019-12-27T17:09:04.260] [INFO] gas - openChannel gasUsed:  54961
[2019-12-27T17:09:04.287] [INFO] gas - alice deposit gasUsed:  52537
[2019-12-27T17:09:04.329] [INFO] gas - bob deposit gasUsed:  154699
[2019-12-27T17:09:04.362] [INFO] gas - openChannel gasUsed:  54961
[2019-12-27T17:09:04.393] [INFO] gas - alice deposit gasUsed:  52537
[2019-12-27T17:09:04.436] [INFO] gas - bob deposit gasUsed:  154699
[2019-12-27T17:09:04.469] [INFO] gas - openChannel gasUsed:  54897
[2019-12-27T17:09:04.497] [INFO] gas - alice deposit gasUsed:  52473
[2019-12-27T17:09:04.538] [INFO] gas - bob deposit gasUsed:  154635
[2019-12-27T17:09:04.569] [INFO] gas - openChannel gasUsed:  54961
[2019-12-27T17:09:04.597] [INFO] gas - alice deposit gasUsed:  52537
[2019-12-27T17:09:04.638] [INFO] gas - bob deposit gasUsed:  154699
[2019-12-27T17:09:04.668] [INFO] gas - openChannel gasUsed:  54961
[2019-12-27T17:09:04.697] [INFO] gas - alice deposit gasUsed:  52537
[2019-12-27T17:09:04.738] [INFO] gas - bob deposit gasUsed:  154699
[2019-12-27T17:09:04.771] [INFO] gas - openChannel gasUsed:  54961
[2019-12-27T17:09:04.799] [INFO] gas - alice deposit gasUsed:  52537
[2019-12-27T17:09:04.843] [INFO] gas - bob deposit gasUsed:  154699
[2019-12-27T17:09:04.878] [INFO] gas - openChannel gasUsed:  54961
[2019-12-27T17:09:04.906] [INFO] gas - alice deposit gasUsed:  52537
[2019-12-27T17:09:04.947] [INFO] gas - bob deposit gasUsed:  154699
[2019-12-27T17:09:04.984] [INFO] gas - openChannel gasUsed:  54961
[2019-12-27T17:09:05.016] [INFO] gas - alice deposit gasUsed:  52537
[2019-12-27T17:09:05.058] [INFO] gas - bob deposit gasUsed:  154699
[2019-12-27T17:09:05.093] [INFO] gas - openChannel gasUsed:  54897
[2019-12-27T17:09:05.123] [INFO] gas - alice deposit gasUsed:  52473
[2019-12-27T17:09:05.166] [INFO] gas - bob deposit gasUsed:  154635
[2019-12-27T17:09:05.201] [INFO] gas - openChannel gasUsed:  54961
[2019-12-27T17:09:05.230] [INFO] gas - alice deposit gasUsed:  52537
[2019-12-27T17:09:05.274] [INFO] gas - bob deposit gasUsed:  154699
[2019-12-27T17:09:05.310] [INFO] gas - openChannel gasUsed:  54961
[2019-12-27T17:09:05.339] [INFO] gas - alice deposit gasUsed:  52537
[2019-12-27T17:09:05.382] [INFO] gas - bob deposit gasUsed:  154699
[2019-12-27T17:09:05.416] [INFO] gas - openChannel gasUsed:  54961
[2019-12-27T17:09:05.444] [INFO] gas - alice deposit gasUsed:  52537
[2019-12-27T17:09:05.486] [INFO] gas - bob deposit gasUsed:  154699
[2019-12-27T17:09:05.522] [INFO] gas - openChannel gasUsed:  54961
[2019-12-27T17:09:05.551] [INFO] gas - alice deposit gasUsed:  52537
[2019-12-27T17:09:05.593] [INFO] gas - bob deposit gasUsed:  154699
[2019-12-27T17:09:05.629] [INFO] gas - openChannel gasUsed:  54961
[2019-12-27T17:09:05.659] [INFO] gas - alice deposit gasUsed:  52537
[2019-12-27T17:09:05.703] [INFO] gas - bob deposit gasUsed:  154699
[2019-12-27T17:09:05.734] [INFO] gas - openChannel gasUsed:  54961
[2019-12-27T17:09:05.763] [INFO] gas - alice deposit gasUsed:  52537
[2019-12-27T17:09:05.805] [INFO] gas - bob deposit gasUsed:  154699
[2019-12-27T17:09:05.837] [INFO] gas - openChannel gasUsed:  54961
[2019-12-27T17:09:05.865] [INFO] gas - alice deposit gasUsed:  52537
[2019-12-27T17:09:05.907] [INFO] gas - bob deposit gasUsed:  154699
[2019-12-27T17:09:05.941] [INFO] gas - openChannel gasUsed:  54961
[2019-12-27T17:09:05.969] [INFO] gas - alice deposit gasUsed:  52537
[2019-12-27T17:09:06.012] [INFO] gas - bob deposit gasUsed:  154699
[2019-12-27T17:09:06.046] [INFO] gas - openChannel gasUsed:  54961
[2019-12-27T17:09:06.075] [INFO] gas - alice deposit gasUsed:  52537
[2019-12-27T17:09:06.115] [INFO] gas - bob deposit gasUsed:  154699
[2019-12-27T17:09:06.148] [INFO] gas - openChannel gasUsed:  54961
[2019-12-27T17:09:06.179] [INFO] gas - alice deposit gasUsed:  52537
[2019-12-27T17:09:06.221] [INFO] gas - bob deposit gasUsed:  154699
[2019-12-27T17:09:06.254] [INFO] gas - openChannel gasUsed:  54897
[2019-12-27T17:09:06.283] [INFO] gas - alice deposit gasUsed:  52473
[2019-12-27T17:09:06.328] [INFO] gas - bob deposit gasUsed:  154635
[2019-12-27T17:09:06.359] [INFO] gas - openChannel gasUsed:  54961
[2019-12-27T17:09:06.389] [INFO] gas - alice deposit gasUsed:  52537
[2019-12-27T17:09:06.435] [INFO] gas - bob deposit gasUsed:  154699
[2019-12-27T17:09:06.469] [INFO] gas - openChannel gasUsed:  54961
[2019-12-27T17:09:06.496] [INFO] gas - alice deposit gasUsed:  52537
[2019-12-27T17:09:06.536] [INFO] gas - bob deposit gasUsed:  154699
[2019-12-27T17:09:06.567] [INFO] gas - openChannel gasUsed:  54961
[2019-12-27T17:09:06.596] [INFO] gas - alice deposit gasUsed:  52537
[2019-12-27T17:09:06.638] [INFO] gas - bob deposit gasUsed:  154699
[2019-12-27T17:09:06.667] [INFO] gas - openChannel gasUsed:  54961
[2019-12-27T17:09:06.696] [INFO] gas - alice deposit gasUsed:  52537
[2019-12-27T17:09:06.738] [INFO] gas - bob deposit gasUsed:  154699
[2019-12-27T17:09:06.769] [INFO] gas - openChannel gasUsed:  54961
[2019-12-27T17:09:06.797] [INFO] gas - alice deposit gasUsed:  52537
[2019-12-27T17:09:06.841] [INFO] gas - bob deposit gasUsed:  154699
[2019-12-27T17:09:06.873] [INFO] gas - openChannel gasUsed:  54961
[2019-12-27T17:09:06.903] [INFO] gas - alice deposit gasUsed:  52537
[2019-12-27T17:09:06.949] [INFO] gas - bob deposit gasUsed:  154699
[2019-12-27T17:09:06.979] [INFO] gas - openChannel gasUsed:  54961
[2019-12-27T17:09:07.008] [INFO] gas - alice deposit gasUsed:  52537
[2019-12-27T17:09:07.051] [INFO] gas - bob deposit gasUsed:  154699
[2019-12-27T17:09:07.085] [INFO] gas - openChannel gasUsed:  54961
[2019-12-27T17:09:07.112] [INFO] gas - alice deposit gasUsed:  52537
[2019-12-27T17:09:07.154] [INFO] gas - bob deposit gasUsed:  154699
[2019-12-27T17:09:07.187] [INFO] gas - openChannel gasUsed:  54961
[2019-12-27T17:09:07.214] [INFO] gas - alice deposit gasUsed:  52537
[2019-12-27T17:09:07.254] [INFO] gas - bob deposit gasUsed:  154699
[2019-12-27T17:09:07.285] [INFO] gas - openChannel gasUsed:  54961
[2019-12-27T17:09:07.314] [INFO] gas - alice deposit gasUsed:  52537
[2019-12-27T17:09:07.355] [INFO] gas - bob deposit gasUsed:  154699
[2019-12-27T17:09:07.388] [INFO] gas - openChannel gasUsed:  54961
[2019-12-27T17:09:07.417] [INFO] gas - alice deposit gasUsed:  52537
[2019-12-27T17:09:07.462] [INFO] gas - bob deposit gasUsed:  154699
[2019-12-27T17:09:07.496] [INFO] gas - openChannel gasUsed:  54961
[2019-12-27T17:09:07.525] [INFO] gas - alice deposit gasUsed:  52537
[2019-12-27T17:09:07.566] [INFO] gas - bob deposit gasUsed:  154699
[2019-12-27T17:09:07.600] [INFO] gas - openChannel gasUsed:  54897
[2019-12-27T17:09:07.630] [INFO] gas - alice deposit gasUsed:  52473
[2019-12-27T17:09:07.671] [INFO] gas - bob deposit gasUsed:  154635
[2019-12-27T17:09:07.706] [INFO] gas - openChannel gasUsed:  54961
[2019-12-27T17:09:07.735] [INFO] gas - alice deposit gasUsed:  52537
[2019-12-27T17:09:07.777] [INFO] gas - bob deposit gasUsed:  154699
[2019-12-27T17:09:07.811] [INFO] gas - openChannel gasUsed:  54961
[2019-12-27T17:09:07.839] [INFO] gas - alice deposit gasUsed:  52537
[2019-12-27T17:09:07.883] [INFO] gas - bob deposit gasUsed:  154699
[2019-12-27T17:09:07.915] [INFO] gas - openChannel gasUsed:  54961
[2019-12-27T17:09:07.943] [INFO] gas - alice deposit gasUsed:  52537
[2019-12-27T17:09:07.986] [INFO] gas - bob deposit gasUsed:  154699
[2019-12-27T17:09:08.022] [INFO] gas - openChannel gasUsed:  54897
[2019-12-27T17:09:08.050] [INFO] gas - alice deposit gasUsed:  52473
[2019-12-27T17:09:08.102] [INFO] gas - bob deposit gasUsed:  154635
[2019-12-27T17:09:08.136] [INFO] gas - openChannel gasUsed:  54961
[2019-12-27T17:09:08.164] [INFO] gas - alice deposit gasUsed:  52537
[2019-12-27T17:09:08.205] [INFO] gas - bob deposit gasUsed:  154699
[2019-12-27T17:09:08.237] [INFO] gas - openChannel gasUsed:  54961
[2019-12-27T17:09:08.266] [INFO] gas - alice deposit gasUsed:  52537
[2019-12-27T17:09:08.307] [INFO] gas - bob deposit gasUsed:  154699
[2019-12-27T17:09:08.338] [INFO] gas - openChannel gasUsed:  54961
[2019-12-27T17:09:08.367] [INFO] gas - alice deposit gasUsed:  52537
[2019-12-27T17:09:08.409] [INFO] gas - bob deposit gasUsed:  154699
[2019-12-27T17:09:08.440] [INFO] gas - openChannel gasUsed:  54897
[2019-12-27T17:09:08.471] [INFO] gas - alice deposit gasUsed:  52473
[2019-12-27T17:09:08.514] [INFO] gas - bob deposit gasUsed:  154635
[2019-12-27T17:09:08.545] [INFO] gas - openChannel gasUsed:  54897
[2019-12-27T17:09:08.575] [INFO] gas - alice deposit gasUsed:  52473
[2019-12-27T17:09:08.616] [INFO] gas - bob deposit gasUsed:  154635
[2019-12-27T17:09:08.650] [INFO] gas - openChannel gasUsed:  54833
[2019-12-27T17:09:08.679] [INFO] gas - alice deposit gasUsed:  52409
[2019-12-27T17:09:08.721] [INFO] gas - bob deposit gasUsed:  154571
[2019-12-27T17:09:08.753] [INFO] gas - openChannel gasUsed:  54961
[2019-12-27T17:09:08.782] [INFO] gas - alice deposit gasUsed:  52537
[2019-12-27T17:09:08.824] [INFO] gas - bob deposit gasUsed:  154699
[2019-12-27T17:09:08.854] [INFO] gas - openChannel gasUsed:  54961
[2019-12-27T17:09:08.886] [INFO] gas - alice deposit gasUsed:  52537
[2019-12-27T17:09:08.925] [INFO] gas - bob deposit gasUsed:  154699
[2019-12-27T17:09:08.957] [INFO] gas - openChannel gasUsed:  54897
[2019-12-27T17:09:08.985] [INFO] gas - alice deposit gasUsed:  52473
[2019-12-27T17:09:09.026] [INFO] gas - bob deposit gasUsed:  154635
[2019-12-27T17:09:09.057] [INFO] gas - openChannel gasUsed:  54961
[2019-12-27T17:09:09.084] [INFO] gas - alice deposit gasUsed:  52537
[2019-12-27T17:09:09.125] [INFO] gas - bob deposit gasUsed:  154699
[2019-12-27T17:09:09.154] [INFO] gas - openChannel gasUsed:  54961
[2019-12-27T17:09:09.183] [INFO] gas - alice deposit gasUsed:  52537
[2019-12-27T17:09:09.225] [INFO] gas - bob deposit gasUsed:  154699
[2019-12-27T17:09:09.260] [INFO] gas - openChannel gasUsed:  54961
[2019-12-27T17:09:09.288] [INFO] gas - alice deposit gasUsed:  52537
[2019-12-27T17:09:09.330] [INFO] gas - bob deposit gasUsed:  154699
[2019-12-27T17:09:09.364] [INFO] gas - openChannel gasUsed:  54961
[2019-12-27T17:09:09.391] [INFO] gas - alice deposit gasUsed:  52537
[2019-12-27T17:09:09.437] [INFO] gas - bob deposit gasUsed:  154699
[2019-12-27T17:09:09.470] [INFO] gas - openChannel gasUsed:  54897
[2019-12-27T17:09:09.500] [INFO] gas - alice deposit gasUsed:  52473
[2019-12-27T17:09:09.542] [INFO] gas - bob deposit gasUsed:  154635
[2019-12-27T17:09:09.574] [INFO] gas - openChannel gasUsed:  54961
[2019-12-27T17:09:09.602] [INFO] gas - alice deposit gasUsed:  52537
[2019-12-27T17:09:09.699] [INFO] gas - bob deposit gasUsed:  154699
[2019-12-27T17:09:09.733] [INFO] gas - openChannel gasUsed:  54897
[2019-12-27T17:09:09.761] [INFO] gas - alice deposit gasUsed:  52473
[2019-12-27T17:09:09.802] [INFO] gas - bob deposit gasUsed:  154635
[2019-12-27T17:09:09.835] [INFO] gas - openChannel gasUsed:  54961
[2019-12-27T17:09:09.865] [INFO] gas - alice deposit gasUsed:  52537
[2019-12-27T17:09:09.904] [INFO] gas - bob deposit gasUsed:  154699
[2019-12-27T17:09:09.934] [INFO] gas - openChannel gasUsed:  54961
[2019-12-27T17:09:09.963] [INFO] gas - alice deposit gasUsed:  52537
[2019-12-27T17:09:10.005] [INFO] gas - bob deposit gasUsed:  154699
[2019-12-27T17:09:11.419] [INFO] gas - createMPC gasUsed:  5372239
[2019-12-27T17:09:12.887] [INFO] gas - updateMPC gasUsed:  2261633
[2019-12-27T17:09:14.222] [INFO] gas - updateMPC gasUsed:  2171869
[2019-12-27T17:09:15.585] [INFO] gas - updateMPC gasUsed:  2052239
[2019-12-27T17:09:16.880] [INFO] gas - updateMPC gasUsed:  1826501
[2019-12-27T17:09:18.187] [INFO] gas - updateMPC gasUsed:  1827665
[2019-12-27T17:09:19.496] [INFO] gas - updateMPC gasUsed:  1826417
[2019-12-27T17:09:20.800] [INFO] gas - updateMPC gasUsed:  2052915
[2019-12-27T17:09:22.199] [INFO] gas - updateMPC gasUsed:  1947479
[2019-12-27T17:09:23.575] [INFO] gas - updateMPC gasUsed:  1932757
[2019-12-27T17:09:24.867] [INFO] gas - updateMPC gasUsed:  2006339
